['card', 'dumb', 'belkin']
['cleared', 'dumb', 'belkin']
['cleared', 'dumb', 'bikini']
['dumb', 'belkin', 'nuclear']
['marie', 'enabled', 'duck']
['marine', 'enabled', 'duck']
['miracle', 'enabled', 'duck']
['abc', 'card', 'dumb', 'belkin']
['abc', 'cleared', 'dumb', 'belkin']
['abc', 'cleared', 'dumb', 'bikini']
['able', 'earned', 'duck', 'kim']
['able', 'eden', 'number', 'rick']
['ace', 'earned', 'dumb', 'belkin']
['acer', 'read', 'dumb', 'belkin']
['acer', 'red', 'dumb', 'belkin']
['acer', 'reduced', 'dumb', 'belkin']
['acer', 'reid', 'dumb', 'belkin']
['acer', 'rid', 'dumb', 'belkin']
['acid', 'dark', 'klein', 'number']
['acid', 'deck', 'klein', 'number']
['acid', 'denmark', 'klein', 'number']
['acid', 'dick', 'klein', 'number']
['acid', 'dried', 'dumb', 'belkin']
['acid', 'drink', 'klein', 'number']
['acid', 'duck', 'klein', 'number']
['acid', 'dude', 'enabled', 'denmark']
['acid', 'due', 'enabled', 'denmark']
['acid', 'dumb', 'belkin', 'near']
['acid', 'dumb', 'belkin', 'nuclear']
['acid', 'dumb', 'belkin', 'number']
['acm', 'madrid', 'dumb', 'belkin']
['acm', 'marie', 'enabled', 'duck']
['acm', 'marine', 'enabled', 'duck']
['acm', 'miracle', 'enabled', 'duck']
['acre', 'earned', 'dumb', 'belkin']
['acre', 'enabled', 'duck', 'kim']
['acre', 'enabled', 'dumb', 'belkin']
['acre', 'enabled', 'dumb', 'bikini']
['ada', 'aka', 'ambien', 'nuclear']
['ada', 'ambien', 'nuclear', 'rack']
['ada', 'ambien', 'nuclear', 'rank']
['ada', 'ambien', 'nuclear', 'rick']
['adam', 'marie', 'enabled', 'duck']
['adam', 'marine', 'enabled', 'duck']
['adam', 'miracle', 'enabled', 'duck']
['adam', 'mlb', 'belkin', 'nuclear']
['admin', 'nbc', 'cleared', 'duck']
['admin', 'near', 'rebel', 'luck']
['admin', 'neck', 'klein', 'number']
['admin', 'nick', 'klein', 'number']
['admin', 'nuclear', 'rebel', 'luck']
['admin', 'number', 'rack', 'karl']
['admin', 'number', 'rack', 'klein']
['admin', 'number', 'rebel', 'luck']
['admin', 'number', 'rec', 'clerk']
['admin', 'number', 'rel', 'luck']
['admin', 'number', 'rick', 'karl']
['admin', 'number', 'rick', 'klein']
['aka', 'ada', 'ambien', 'nuclear']
['aka', 'admin', 'nuclear', 'rebel']
['aka', 'amber', 'reduced', 'daniel']
['aka', 'ambien', 'nuclear', 'radar']
['aka', 'ambien', 'nuclear', 'read']
['aka', 'ambien', 'nuclear', 'reader']
['aka', 'ambien', 'nuclear', 'red']
['aka', 'ambien', 'nuclear', 'reduce']
['aka', 'ambien', 'nuclear', 'reduced']
['aka', 'ambien', 'nuclear', 'reid']
['aka', 'ambien', 'nuclear', 'rid']
['aka', 'ambien', 'nuclear', 'ride']
['aka', 'ambien', 'nuclear', 'rider']
['amber', 'rack', 'klein', 'nude']
['amber', 'read', 'daniel', 'luck']
['amber', 'read', 'duck', 'klein']
['amber', 'red', 'daniel', 'luck']
['amber', 'red', 'duck', 'klein']
['amber', 'reduce', 'enable', 'erik']
['amber', 'reduce', 'enabled', 'dick']
['amber', 'reduce', 'enabled', 'drink']
['amber', 'reduce', 'enb', 'belkin']
['amber', 'reduce', 'erik', 'klein']
['amber', 'reduced', 'daniel', 'luck']
['amber', 'reduced', 'dark', 'klein']
['amber', 'reduced', 'deck', 'klein']
['amber', 'reduced', 'denmark', 'klein']
['amber', 'reduced', 'dick', 'klein']
['amber', 'reduced', 'drink', 'karl']
['amber', 'reduced', 'drink', 'klein']
['amber', 'reduced', 'duck', 'klein']
['amber', 'reduced', 'dumb', 'belkin']
['amber', 'reid', 'daniel', 'luck']
['amber', 'reid', 'duck', 'klein']
['amber', 'rice', 'enabled', 'duck']
['amber', 'rick', 'klein', 'nude']
['amber', 'rid', 'daniel', 'luck']
['amber', 'rid', 'duck', 'klein']
['amber', 'ride', 'enabled', 'duck']
['ambien', 'nbc', 'cleared', 'duck']
['ambien', 'nec', 'cleared', 'duck']
['ambien', 'nuclear', 'rack', 'kde']
['ambien', 'nuclear', 'rack', 'kid']
['ambien', 'nuclear', 'radar', 'rack']
['ambien', 'nuclear', 'radar', 'rank']
['ambien', 'nuclear', 'radar', 'rick']
['ambien', 'nuclear', 'rank', 'kde']
['ambien', 'nuclear', 'rank', 'kid']
['ambien', 'nuclear', 'read', 'dark']
['ambien', 'nuclear', 'read', 'deck']
['ambien', 'nuclear', 'read', 'denmark']
['ambien', 'nuclear', 'read', 'dick']
['ambien', 'nuclear', 'read', 'drink']
['ambien', 'nuclear', 'read', 'duck']
['ambien', 'nuclear', 'reader', 'rack']
['ambien', 'nuclear', 'reader', 'rank']
['ambien', 'nuclear', 'reader', 'rick']
['ambien', 'nuclear', 'red', 'dark']
['ambien', 'nuclear', 'red', 'deck']
['ambien', 'nuclear', 'red', 'denmark']
['ambien', 'nuclear', 'red', 'dick']
['ambien', 'nuclear', 'red', 'drink']
['ambien', 'nuclear', 'red', 'duck']
['ambien', 'nuclear', 'reduce', 'erik']
['ambien', 'nuclear', 'reduced', 'dark']
['ambien', 'nuclear', 'reduced', 'deck']
['ambien', 'nuclear', 'reduced', 'denmark']
['ambien', 'nuclear', 'reduced', 'dick']
['ambien', 'nuclear', 'reduced', 'drink']
['ambien', 'nuclear', 'reduced', 'duck']
['ambien', 'nuclear', 'reid', 'dark']
['ambien', 'nuclear', 'reid', 'deck']
['ambien', 'nuclear', 'reid', 'denmark']
['ambien', 'nuclear', 'reid', 'dick']
['ambien', 'nuclear', 'reid', 'drink']
['ambien', 'nuclear', 'reid', 'duck']
['ambien', 'nuclear', 'rick', 'kde']
['ambien', 'nuclear', 'rick', 'kid']
['ambien', 'nuclear', 'rid', 'dark']
['ambien', 'nuclear', 'rid', 'deck']
['ambien', 'nuclear', 'rid', 'denmark']
['ambien', 'nuclear', 'rid', 'dick']
['ambien', 'nuclear', 'rid', 'drink']
['ambien', 'nuclear', 'rid', 'duck']
['ambien', 'nuclear', 'ride', 'erik']
['ambien', 'nuclear', 'rider', 'rack']
['ambien', 'nuclear', 'rider', 'rank']
['ambien', 'nuclear', 'rider', 'rick']
['ambien', 'nude', 'earl', 'luck']
['ambien', 'nude', 'elder', 'rack']
['ambien', 'nude', 'elder', 'rick']
['ambien', 'nude', 'eric', 'clerk']
['amd', 'deck', 'klein', 'number']
['amd', 'dick', 'klein', 'number']
['amd', 'duck', 'klein', 'number']
['amd', 'dumb', 'belkin', 'nuclear']
['arab', 'belkin', 'number', 'reduce']
['arab', 'belkin', 'number', 'reduced']
['arabic', 'cad', 'dumb', 'belkin']
['arabic', 'card', 'dumb', 'belkin']
['arabic', 'cleaner', 'reduced', 'denmark']
['arabic', 'clear', 'reduced', 'denmark']
['arabic', 'cleared', 'dumb', 'bank']
['arabic', 'cleared', 'dumb', 'belkin']
['arabic', 'cleared', 'dumb', 'bikini']
['arc', 'cad', 'dumb', 'belkin']
['arc', 'card', 'dumb', 'belkin']
['arc', 'cleared', 'dumb', 'belkin']
['arc', 'cleared', 'dumb', 'bikini']
['arcade', 'earned', 'dumb', 'belkin']
['arcade', 'enabled', 'duck', 'kim']
['arcade', 'enabled', 'dumb', 'belkin']
['arcade', 'enabled', 'dumb', 'bikini']
['arcade', 'enb', 'belkin', 'number']
['arcade', 'erik', 'klein', 'number']
['are', 'enabled', 'duck', 'kim']
['area', 'acid', 'dumb', 'belkin']
['arena', 'acid', 'dumb', 'belkin']
['arm', 'marie', 'enabled', 'duck']
['arm', 'marine', 'enabled', 'duck']
['arm', 'mice', 'enabled', 'duck']
['arm', 'mine', 'enabled', 'duck']
['arm', 'miracle', 'enabled', 'duck']
['aud', 'decide', 'enabled', 'denmark']
['aud', 'deck', 'klein', 'number']
['aud', 'denmark', 'klein', 'nbc']
['aud', 'dice', 'enabled', 'denmark']
['aud', 'dick', 'klein', 'number']
['aud', 'duck', 'klein', 'number']
['aud', 'dumb', 'belkin', 'nuclear']
['audi', 'ice', 'enabled', 'denmark']
['back', 'karma', 'admin', 'nuclear']
['back', 'karma', 'aud', 'daniel']
['back', 'kid', 'damn', 'nuclear']
['back', 'klein', 'number', 'radar']
['back', 'klein', 'number', 'read']
['back', 'klein', 'number', 'reader']
['back', 'klein', 'number', 'red']
['back', 'klein', 'number', 'reduce']
['back', 'klein', 'number', 'reduced']
['back', 'klein', 'number', 'reid']
['back', 'klein', 'number', 'rid']
['back', 'klein', 'number', 'ride']
['back', 'klein', 'number', 'rider']
['bad', 'damn', 'nuclear', 'rick']
['bad', 'daniel', 'luck', 'karma']
['bad', 'deck', 'klein', 'number']
['bad', 'denmark', 'klein', 'nuclear']
['bad', 'dick', 'klein', 'number']
['bad', 'duck', 'klein', 'number']
['bad', 'dumb', 'belkin', 'nuclear']
['ban', 'nuclear', 'reid', 'denmark']
['ban', 'nuclear', 'rid', 'denmark']
['banana', 'admin', 'nuclear', 'rack']
['banana', 'admin', 'nuclear', 'rank']
['banana', 'admin', 'nuclear', 'rick']
['banana', 'aka', 'admin', 'nuclear']
['bank', 'karma', 'admin', 'nuclear']
['bank', 'kid', 'damn', 'nuclear']
['bank', 'klein', 'number', 'reduce']
['bank', 'klein', 'number', 'reduced']
['bar', 'reduced', 'denmark', 'klein']
['bar', 'reduced', 'dumb', 'belkin']
['bare', 'enabled', 'duck', 'kim']
['barn', 'nuclear', 'reid', 'denmark']
['barn', 'nuclear', 'rid', 'denmark']
['beam', 'madrid', 'daniel', 'luck']
['beam', 'madrid', 'duck', 'klein']
['beam', 'marie', 'enabled', 'duck']
['beam', 'marine', 'enabled', 'duck']
['beam', 'miracle', 'earned', 'duck']
['beam', 'miracle', 'enabled', 'duck']
['bean', 'nuclear', 'reid', 'denmark']
['bean', 'nuclear', 'rid', 'denmark']
['bear', 'reduced', 'denmark', 'klein']
['bear', 'reduced', 'dumb', 'belkin']
['bed', 'damn', 'nuclear', 'rick']
['bed', 'daniel', 'luck', 'karma']
['bed', 'denmark', 'klein', 'nuclear']
['bed', 'dumb', 'belkin', 'nuclear']
['belkin', 'nam', 'madrid', 'duck']
['belkin', 'nam', 'mar', 'reduce']
['belkin', 'nam', 'mar', 'reduced']
['belkin', 'nba', 'admin', 'nuclear']
['belkin', 'nba', 'amber', 'reduce']
['belkin', 'nba', 'amber', 'reduced']
['belkin', 'nbc', 'cab', 'bermuda']
['belkin', 'nbc', 'card', 'dumb']
['belkin', 'nbc', 'cleared', 'dumb']
['belkin', 'nbc', 'cream', 'mud']
['belkin', 'nbc', 'cum', 'madrid']
['belkin', 'nbc', 'cum', 'mardi']
['belkin', 'near', 'reduced', 'dam']
['belkin', 'near', 'reduced', 'damn']
['belkin', 'near', 'reduced', 'denmark']
['belkin', 'near', 'reduced', 'dim']
['belkin', 'near', 'reduced', 'drama']
['belkin', 'near', 'reduced', 'dream']
['belkin', 'near', 'reduced', 'dumb']
['belkin', 'nec', 'cab', 'bermuda']
['belkin', 'nec', 'card', 'dumb']
['belkin', 'nec', 'cleared', 'dumb']
['belkin', 'nec', 'cream', 'mud']
['belkin', 'nec', 'cum', 'madrid']
['belkin', 'nec', 'cum', 'mardi']
['belkin', 'neck', 'karma', 'aud']
['belkin', 'neck', 'karma', 'audi']
['belkin', 'nice', 'earned', 'dumb']
['belkin', 'nice', 'enb', 'bermuda']
['belkin', 'nick', 'karma', 'aud']
['belkin', 'nick', 'karma', 'audi']
['belkin', 'nuclear', 'radar', 'ram']
['belkin', 'nuclear', 'radar', 'rim']
['belkin', 'nuclear', 'ram', 'mad']
['belkin', 'nuclear', 'ram', 'made']
['belkin', 'nuclear', 'ram', 'madrid']
['belkin', 'nuclear', 'ram', 'mardi']
['belkin', 'nuclear', 'ram', 'mid']
['belkin', 'nuclear', 'ram', 'midi']
['belkin', 'nuclear', 'ram', 'mud']
['belkin', 'nuclear', 'rca', 'adam']
['belkin', 'nuclear', 'rca', 'admin']
['belkin', 'nuclear', 'rca', 'amd']
['belkin', 'nuclear', 'read', 'dam']
['belkin', 'nuclear', 'read', 'damn']
['belkin', 'nuclear', 'read', 'denmark']
['belkin', 'nuclear', 'read', 'dim']
['belkin', 'nuclear', 'read', 'drama']
['belkin', 'nuclear', 'read', 'dream']
['belkin', 'nuclear', 'read', 'dumb']
['belkin', 'nuclear', 'reader', 'ram']
['belkin', 'nuclear', 'reader', 'rim']
['belkin', 'nuclear', 'red', 'dam']
['belkin', 'nuclear', 'red', 'damn']
['belkin', 'nuclear', 'red', 'denmark']
['belkin', 'nuclear', 'red', 'dim']
['belkin', 'nuclear', 'red', 'drama']
['belkin', 'nuclear', 'red', 'dream']
['belkin', 'nuclear', 'red', 'dumb']
['belkin', 'nuclear', 'reduced', 'dam']
['belkin', 'nuclear', 'reduced', 'damn']
['belkin', 'nuclear', 'reduced', 'denmark']
['belkin', 'nuclear', 'reduced', 'dim']
['belkin', 'nuclear', 'reduced', 'drama']
['belkin', 'nuclear', 'reduced', 'dream']
['belkin', 'nuclear', 'reduced', 'dumb']
['belkin', 'nuclear', 'reid', 'dam']
['belkin', 'nuclear', 'reid', 'damn']
['belkin', 'nuclear', 'reid', 'denmark']
['belkin', 'nuclear', 'reid', 'dim']
['belkin', 'nuclear', 'reid', 'drama']
['belkin', 'nuclear', 'reid', 'dream']
['belkin', 'nuclear', 'reid', 'dumb']
['belkin', 'nuclear', 'rica', 'adam']
['belkin', 'nuclear', 'rica', 'admin']
['belkin', 'nuclear', 'rica', 'amd']
['belkin', 'nuclear', 'rid', 'dam']
['belkin', 'nuclear', 'rid', 'damn']
['belkin', 'nuclear', 'rid', 'denmark']
['belkin', 'nuclear', 'rid', 'dim']
['belkin', 'nuclear', 'rid', 'drama']
['belkin', 'nuclear', 'rid', 'dream']
['belkin', 'nuclear', 'rid', 'dumb']
['belkin', 'nuclear', 'rider', 'ram']
['belkin', 'nuclear', 'rider', 'rim']
['belkin', 'nuclear', 'rim', 'mad']
['belkin', 'nuclear', 'rim', 'made']
['belkin', 'nuclear', 'rim', 'madrid']
['belkin', 'nuclear', 'rim', 'mardi']
['belkin', 'nuclear', 'rim', 'mid']
['belkin', 'nuclear', 'rim', 'midi']
['belkin', 'nuclear', 'rim', 'mud']
['belkin', 'nuclear', 'rna', 'adam']
['belkin', 'nuclear', 'rna', 'admin']
['belkin', 'nuclear', 'rna', 'amd']
['belkin', 'nude', 'era', 'acm']
['belkin', 'nude', 'eric', 'cam']
['belkin', 'nude', 'eric', 'ceramic']
['belkin', 'nude', 'eric', 'cream']
['belkin', 'number', 'race', 'earned']
['belkin', 'number', 'race', 'eden']
['belkin', 'number', 'race', 'elder']
['belkin', 'number', 'race', 'enabled']
['belkin', 'number', 'rack', 'kde']
['belkin', 'number', 'rack', 'kid']
['belkin', 'number', 'radar', 'race']
['belkin', 'number', 'radar', 'rack']
['belkin', 'number', 'radar', 'rca']
['belkin', 'number', 'radar', 'rec']
['belkin', 'number', 'radar', 'reduce']
['belkin', 'number', 'radar', 'reduced']
['belkin', 'number', 'radar', 'rica']
['belkin', 'number', 'radar', 'rice']
['belkin', 'number', 'radar', 'rick']
['belkin', 'number', 'rca', 'acid']
['belkin', 'number', 'rca', 'ada']
['belkin', 'number', 'rca', 'adam']
['belkin', 'number', 'rca', 'admin']
['belkin', 'number', 'rca', 'amd']
['belkin', 'number', 'rca', 'arcade']
['belkin', 'number', 'rca', 'aud']
['belkin', 'number', 'rca', 'audi']
['belkin', 'number', 'read', 'dec']
['belkin', 'number', 'read', 'decade']
['belkin', 'number', 'read', 'decide']
['belkin', 'number', 'read', 'decided']
['belkin', 'number', 'read', 'deck']
['belkin', 'number', 'read', 'dice']
['belkin', 'number', 'read', 'dick']
['belkin', 'number', 'read', 'duck']
['belkin', 'number', 'reader', 'race']
['belkin', 'number', 'reader', 'rack']
['belkin', 'number', 'reader', 'rca']
['belkin', 'number', 'reader', 'rec']
['belkin', 'number', 'reader', 'reduce']
['belkin', 'number', 'reader', 'reduced']
['belkin', 'number', 'reader', 'rica']
['belkin', 'number', 'reader', 'rice']
['belkin', 'number', 'reader', 'rick']
['belkin', 'number', 'rear', 'reduce']
['belkin', 'number', 'rear', 'reduced']
['belkin', 'number', 'rec', 'cad']
['belkin', 'number', 'rec', 'canada']
['belkin', 'number', 'rec', 'card']
['belkin', 'number', 'rec', 'cedar']
['belkin', 'number', 'rec', 'cleared']
['belkin', 'number', 'rec', 'cradle']
['belkin', 'number', 'red', 'decade']
['belkin', 'number', 'reduce', 'ear']
['belkin', 'number', 'reduce', 'earl']
['belkin', 'number', 'reduce', 'earn']
['belkin', 'number', 'reduce', 'earned']
['belkin', 'number', 'reduce', 'eau']
['belkin', 'number', 'reduce', 'enable']
['belkin', 'number', 'reduce', 'enabled']
['belkin', 'number', 'reduce', 'era']
['belkin', 'number', 'reduced', 'dad']
['belkin', 'number', 'reduced', 'dam']
['belkin', 'number', 'reduced', 'damn']
['belkin', 'number', 'reduced', 'dan']
['belkin', 'number', 'reduced', 'dana']
['belkin', 'number', 'reduced', 'daniel']
['belkin', 'number', 'reduced', 'dare']
['belkin', 'number', 'reduced', 'dark']
['belkin', 'number', 'reduced', 'dead']
['belkin', 'number', 'reduced', 'dean']
['belkin', 'number', 'reduced', 'dear']
['belkin', 'number', 'reduced', 'decade']
['belkin', 'number', 'reduced', 'denmark']
['belkin', 'number', 'reduced', 'drama']
['belkin', 'number', 'reduced', 'dream']
['belkin', 'number', 'reid', 'decade']
['belkin', 'number', 'rica', 'acid']
['belkin', 'number', 'rica', 'ada']
['belkin', 'number', 'rica', 'adam']
['belkin', 'number', 'rica', 'admin']
['belkin', 'number', 'rica', 'amd']
['belkin', 'number', 'rica', 'arcade']
['belkin', 'number', 'rica', 'aud']
['belkin', 'number', 'rica', 'audi']
['belkin', 'number', 'rice', 'earned']
['belkin', 'number', 'rice', 'enabled']
['belkin', 'number', 'rid', 'decade']
['belkin', 'number', 'rider', 'race']
['belkin', 'number', 'rider', 'rack']
['belkin', 'number', 'rider', 'rca']
['belkin', 'number', 'rider', 'rica']
['belkin', 'number', 'rna', 'acid']
['belkin', 'number', 'rna', 'arcade']
['ben', 'nuclear', 'reid', 'denmark']
['ben', 'nuclear', 'rid', 'denmark']
['bermuda', 'abc', 'cab', 'belkin']
['bermuda', 'abc', 'clean', 'nick']
['bermuda', 'abc', 'cleaner', 'rick']
['bermuda', 'abc', 'cleared', 'drink']
['bermuda', 'abc', 'clerk', 'klein']
['bermuda', 'abc', 'crack', 'klein']
['bermuda', 'able', 'earn', 'nick']
['bermuda', 'able', 'earned', 'dick']
['bermuda', 'able', 'eden', 'nick']
['bermuda', 'able', 'enabled', 'dick']
['bermuda', 'ace', 'enable', 'erik']
['bermuda', 'ace', 'enabled', 'dick']
['bermuda', 'ace', 'enabled', 'drink']
['bermuda', 'ace', 'enb', 'belkin']
['bermuda', 'ace', 'erik', 'klein']
['bermuda', 'acer', 'rack', 'klein']
['bermuda', 'acer', 'rank', 'klein']
['bermuda', 'acer', 'rick', 'klein']
['bermuda', 'acid', 'daniel', 'luck']
['bermuda', 'acid', 'dark', 'klein']
['bermuda', 'acid', 'deck', 'klein']
['bermuda', 'acid', 'denmark', 'karl']
['bermuda', 'acid', 'denmark', 'klein']
['bermuda', 'acid', 'dick', 'klein']
['bermuda', 'acid', 'drink', 'karl']
['bermuda', 'acid', 'drink', 'klein']
['bermuda', 'acid', 'duck', 'klein']
['bermuda', 'acid', 'dumb', 'belkin']
['bermuda', 'acm', 'mark', 'klein']
['bermuda', 'acm', 'mlb', 'belkin']
['bermuda', 'acm', 'mlb', 'bikini']
['bermuda', 'acre', 'enable', 'erik']
['bermuda', 'acre', 'enabled', 'dick']
['bermuda', 'acre', 'enabled', 'drink']
['bermuda', 'acre', 'enb', 'belkin']
['bermuda', 'acre', 'erik', 'klein']
['bermuda', 'admin', 'nbc', 'clerk']
['bermuda', 'admin', 'nec', 'clerk']
['bermuda', 'admin', 'neck', 'karl']
['bermuda', 'admin', 'neck', 'klein']
['bermuda', 'admin', 'nick', 'karl']
['bermuda', 'admin', 'nick', 'klein']
['bermuda', 'admin', 'nuclear', 'rack']
['bermuda', 'admin', 'nuclear', 'rank']
['bermuda', 'admin', 'nuclear', 'rick']
['bermuda', 'aka', 'acid', 'daniel']
['bermuda', 'aka', 'admin', 'nuclear']
['bermuda', 'aka', 'ambien', 'nuclear']
['bermuda', 'aka', 'arabic', 'clean']
['bermuda', 'aka', 'arabic', 'cleaner']
['bermuda', 'amber', 'rack', 'klein']
['bermuda', 'amber', 'rick', 'klein']
['bermuda', 'ambien', 'nbc', 'clerk']
['bermuda', 'ambien', 'nec', 'clerk']
['bermuda', 'ambien', 'neck', 'karl']
['bermuda', 'ambien', 'neck', 'klein']
['bermuda', 'ambien', 'nick', 'karl']
['bermuda', 'ambien', 'nick', 'klein']
['bermuda', 'ambien', 'nuclear', 'rack']
['bermuda', 'ambien', 'nuclear', 'rank']
['bermuda', 'ambien', 'nuclear', 'rick']
['bermuda', 'amd', 'daniel', 'luck']
['bermuda', 'amd', 'deck', 'klein']
['bermuda', 'amd', 'dick', 'klein']
['bermuda', 'amd', 'duck', 'klein']
['bermuda', 'ana', 'arabic', 'clerk']
['bermuda', 'arab', 'back', 'klein']
['bermuda', 'arab', 'belkin', 'nbc']
['bermuda', 'arab', 'belkin', 'nec']
['bermuda', 'arab', 'belkin', 'neck']
['bermuda', 'arab', 'belkin', 'nice']
['bermuda', 'arab', 'belkin', 'nick']
['bermuda', 'arab', 'belkin', 'nuclear']
['bermuda', 'arabic', 'cab', 'belkin']
['bermuda', 'arabic', 'clean', 'neck']
['bermuda', 'arabic', 'clean', 'nick']
['bermuda', 'arabic', 'cleaner', 'rack']
['bermuda', 'arabic', 'cleaner', 'rank']
['bermuda', 'arabic', 'cleaner', 'rick']
['bermuda', 'arabic', 'clear', 'rank']
['bermuda', 'arabic', 'cleared', 'denmark']
['bermuda', 'arabic', 'cleared', 'drink']
['bermuda', 'arabic', 'clerk', 'karen']
['bermuda', 'arabic', 'clerk', 'klein']
['bermuda', 'arabic', 'crack', 'klein']
['bermuda', 'arc', 'cab', 'belkin']
['bermuda', 'arc', 'clean', 'nick']
['bermuda', 'arc', 'cleaner', 'rick']
['bermuda', 'arc', 'cleared', 'drink']
['bermuda', 'arc', 'clerk', 'klein']
['bermuda', 'arc', 'crack', 'klein']
['bermuda', 'arcade', 'enable', 'erik']
['bermuda', 'arcade', 'enabled', 'dick']
['bermuda', 'arcade', 'enabled', 'drink']
['bermuda', 'arcade', 'enb', 'belkin']
['bermuda', 'arcade', 'erik', 'klein']
['bermuda', 'are', 'enabled', 'dick']
['bermuda', 'arena', 'arabic', 'clerk']
['bermuda', 'aud', 'daniel', 'luck']
['bermuda', 'aud', 'deck', 'klein']
['bermuda', 'aud', 'dick', 'klein']
['bermuda', 'aud', 'duck', 'klein']
['bernard', 'damn', 'nuclear', 'rick']
['bernard', 'daniel', 'luck', 'karma']
['bernard', 'daniel', 'luck', 'kim']
['bernard', 'decided', 'dumb', 'belkin']
['bernard', 'deck', 'klein', 'number']
['bernard', 'del', 'luck', 'kim']
['bernard', 'denmark', 'klein', 'nuclear']
['bernard', 'dick', 'klein', 'number']
['bernard', 'duck', 'kim', 'miracle']
['bernard', 'duck', 'kim', 'mlb']
['bernard', 'duck', 'klein', 'nam']
['bernard', 'duck', 'klein', 'number']
['bernard', 'dumb', 'back', 'klein']
['bernard', 'dumb', 'belkin', 'nbc']
['bernard', 'dumb', 'belkin', 'nec']
['bernard', 'dumb', 'belkin', 'neck']
['bernard', 'dumb', 'belkin', 'nice']
['bernard', 'dumb', 'belkin', 'nick']
['bernard', 'dumb', 'belkin', 'nuclear']
['bible', 'ear', 'reduced', 'denmark']
['bible', 'earned', 'duck', 'karma']
['bible', 'earned', 'duck', 'kim']
['bible', 'earned', 'dumb', 'back']
['bible', 'eden', 'number', 'rack']
['bible', 'elder', 'reduced', 'denmark']
['bible', 'enabled', 'duck', 'karma']
['bid', 'damn', 'nuclear', 'rack']
['bid', 'damn', 'nuclear', 'rank']
['bid', 'damn', 'nuclear', 'rick']
['bid', 'daniel', 'luck', 'karma']
['bid', 'denmark', 'karen', 'nuclear']
['bid', 'denmark', 'karl', 'luck']
['bid', 'denmark', 'klein', 'nuclear']
['bid', 'dumb', 'belkin', 'nuclear']
['bikini', 'idea', 'admin', 'nuclear']
['bikini', 'idea', 'ambien', 'nuclear']
['bikini', 'ima', 'admin', 'nuclear']
['bikini', 'ira', 'admin', 'nuclear']
['bikini', 'irc', 'cleared', 'dumb']
['bin', 'nuclear', 'read', 'denmark']
['bin', 'nuclear', 'red', 'denmark']
['bin', 'nuclear', 'reduced', 'denmark']
['bin', 'nuclear', 'reid', 'denmark']
['bin', 'nuclear', 'rid', 'denmark']
['bird', 'damn', 'nuclear', 'rack']
['bird', 'damn', 'nuclear', 'rank']
['bird', 'damn', 'nuclear', 'rick']
['bird', 'daniel', 'luck', 'karma']
['bird', 'daniel', 'luck', 'kim']
['bird', 'denmark', 'karen', 'nuclear']
['bird', 'denmark', 'karl', 'luck']
['bird', 'denmark', 'klein', 'nuclear']
['bird', 'duck', 'klein', 'nam']
['bird', 'dumb', 'back', 'klein']
['bird', 'dumb', 'belkin', 'nuclear']
['blue', 'earned', 'damn', 'nick']
['blue', 'earned', 'decided', 'denmark']
['blue', 'earned', 'deck', 'kim']
['blue', 'earned', 'denmark', 'kick']
['blue', 'earned', 'dick', 'karma']
['blue', 'earned', 'dick', 'kim']
['blue', 'earned', 'duck', 'kim']
['blue', 'eden', 'nick', 'karma']
['blue', 'enabled', 'decided', 'denmark']
['blue', 'enabled', 'denmark', 'kick']
['blue', 'enabled', 'dick', 'karma']
['blue', 'era', 'acid', 'denmark']
['blue', 'era', 'admin', 'neck']
['blue', 'era', 'admin', 'nick']
['blue', 'eric', 'cad', 'denmark']
['blue', 'eric', 'card', 'denmark']
['blue', 'eric', 'cleared', 'denmark']
['cab', 'belkin', 'number', 'radar']
['cab', 'belkin', 'number', 'read']
['cab', 'belkin', 'number', 'reader']
['cab', 'belkin', 'number', 'red']
['cab', 'belkin', 'number', 'reduce']
['cab', 'belkin', 'number', 'reduced']
['cab', 'belkin', 'number', 'reid']
['cab', 'belkin', 'number', 'rid']
['cab', 'belkin', 'number', 'ride']
['cab', 'belkin', 'number', 'rider']
['cab', 'bermuda', 'arab', 'belkin']
['cab', 'bernard', 'dumb', 'belkin']
['cab', 'bird', 'dumb', 'belkin']
['cabin', 'nuclear', 'read', 'denmark']
['cabin', 'nuclear', 'red', 'denmark']
['cabin', 'nuclear', 'reduced', 'denmark']
['cabin', 'nuclear', 'reid', 'denmark']
['cabin', 'nuclear', 'rid', 'denmark']
['cabin', 'nude', 'enabled', 'denmark']
['cable', 'earned', 'duck', 'kim']
['cable', 'earned', 'dumb', 'belkin']
['cable', 'earned', 'dumb', 'bikini']
['cable', 'eden', 'number', 'rick']
['cad', 'dark', 'klein', 'number']
['cad', 'deck', 'klein', 'number']
['cad', 'denmark', 'klein', 'number']
['cad', 'dick', 'klein', 'number']
['cad', 'dried', 'dumb', 'belkin']
['cad', 'drink', 'klein', 'number']
['cad', 'duck', 'klein', 'number']
['cad', 'dumb', 'belkin', 'near']
['cad', 'dumb', 'belkin', 'nuclear']
['cad', 'dumb', 'belkin', 'number']
['cam', 'madrid', 'dumb', 'belkin']
['cam', 'marie', 'enabled', 'duck']
['cam', 'marine', 'enabled', 'duck']
['cam', 'miracle', 'enabled', 'duck']
['canada', 'aka', 'ambien', 'nuclear']
['canada', 'ambien', 'nuclear', 'rack']
['canada', 'ambien', 'nuclear', 'rank']
['canada', 'ambien', 'nuclear', 'rick']
['canada', 'arab', 'belkin', 'number']
['car', 'read', 'dumb', 'belkin']
['car', 'red', 'dumb', 'belkin']
['car', 'reduced', 'dumb', 'belkin']
['car', 'reid', 'dumb', 'belkin']
['car', 'rid', 'dumb', 'belkin']
['card', 'dad', 'dumb', 'belkin']
['card', 'dark', 'klein', 'number']
['card', 'dead', 'dumb', 'belkin']
['card', 'decided', 'dumb', 'belkin']
['card', 'deck', 'klein', 'number']
['card', 'denied', 'dumb', 'belkin']
['card', 'denmark', 'klein', 'number']
['card', 'dick', 'klein', 'number']
['card', 'did', 'dumb', 'belkin']
['card', 'died', 'dumb', 'belkin']
['card', 'dried', 'dumb', 'belkin']
['card', 'drink', 'klein', 'number']
['card', 'duck', 'klein', 'number']
['card', 'dumb', 'back', 'klein']
['card', 'dumb', 'bank', 'klein']
['card', 'dumb', 'bikini', 'idle']
['care', 'earned', 'dumb', 'belkin']
['care', 'enabled', 'duck', 'kim']
['care', 'enabled', 'dumb', 'belkin']
['care', 'enabled', 'dumb', 'bikini']
['carl', 'lead', 'dumb', 'belkin']
['carl', 'lead', 'dumb', 'bikini']
['carl', 'learned', 'dumb', 'belkin']
['carl', 'learned', 'dumb', 'bikini']
['carl', 'led', 'dumb', 'belkin']
['carl', 'led', 'dumb', 'bikini']
['cedar', 'rack', 'klein', 'number']
['cedar', 'rank', 'klein', 'number']
['cedar', 'read', 'dumb', 'belkin']
['cedar', 'red', 'dumb', 'belkin']
['cedar', 'reduced', 'dumb', 'belkin']
['cedar', 'reid', 'dumb', 'belkin']
['cedar', 'rick', 'klein', 'number']
['cedar', 'rid', 'dumb', 'belkin']
['ceramic', 'cab', 'belkin', 'nude']
['ceramic', 'cable', 'earned', 'duck']
['ceramic', 'cable', 'enabled', 'duck']
['ceramic', 'cad', 'dumb', 'belkin']
['ceramic', 'card', 'dumb', 'belkin']
['ceramic', 'care', 'enabled', 'duck']
['ceramic', 'circle', 'enabled', 'duck']
['ceramic', 'cleared', 'dumb', 'bank']
['ceramic', 'cleared', 'dumb', 'belkin']
['ceramic', 'cleared', 'dumb', 'bikini']
['ceramic', 'cradle', 'enabled', 'duck']
['cir', 'read', 'dumb', 'belkin']
['cir', 'reduce', 'enabled', 'denmark']
['circle', 'earned', 'dumb', 'back']
['circle', 'earned', 'dumb', 'bank']
['circle', 'earned', 'dumb', 'belkin']
['circle', 'earned', 'dumb', 'bikini']
['circle', 'eden', 'number', 'rack']
['circle', 'eden', 'number', 'rank']
['circle', 'enabled', 'duck', 'karma']
['circle', 'enabled', 'duck', 'kim']
['circle', 'enabled', 'dumb', 'back']
['circle', 'enabled', 'dumb', 'bank']
['circle', 'enabled', 'dumb', 'belkin']
['circle', 'enabled', 'dumb', 'bikini']
['circle', 'enb', 'bermuda', 'aka']
['clean', 'number', 'rack', 'kid']
['clean', 'number', 'radar', 'rick']
['clean', 'number', 'rank', 'kid']
['clean', 'number', 'read', 'dick']
['clean', 'number', 'read', 'drink']
['clean', 'number', 'reader', 'rick']
['clean', 'number', 'red', 'dick']
['clean', 'number', 'red', 'drink']
['clean', 'number', 'reduce', 'erik']
['clean', 'number', 'reduced', 'dick']
['clean', 'number', 'reduced', 'drink']
['clean', 'number', 'reid', 'dark']
['clean', 'number', 'reid', 'deck']
['clean', 'number', 'reid', 'denmark']
['clean', 'number', 'reid', 'dick']
['clean', 'number', 'reid', 'drink']
['clean', 'number', 'reid', 'duck']
['clean', 'number', 'rick', 'kde']
['clean', 'number', 'rick', 'kid']
['clean', 'number', 'rid', 'dark']
['clean', 'number', 'rid', 'deck']
['clean', 'number', 'rid', 'denmark']
['clean', 'number', 'rid', 'dick']
['clean', 'number', 'rid', 'drink']
['clean', 'number', 'rid', 'duck']
['clean', 'number', 'ride', 'erik']
['clean', 'number', 'rider', 'rack']
['clean', 'number', 'rider', 'rank']
['clean', 'number', 'rider', 'rick']
['cleaner', 'rack', 'kid', 'dumb']
['cleaner', 'rank', 'kid', 'dumb']
['cleaner', 'read', 'dumb', 'belkin']
['cleaner', 'read', 'dumb', 'bikini']
['cleaner', 'red', 'dumb', 'belkin']
['cleaner', 'red', 'dumb', 'bikini']
['cleaner', 'reduced', 'dumb', 'belkin']
['cleaner', 'reduced', 'dumb', 'bikini']
['cleaner', 'reid', 'dumb', 'back']
['cleaner', 'reid', 'dumb', 'bank']
['cleaner', 'reid', 'dumb', 'belkin']
['cleaner', 'reid', 'dumb', 'bikini']
['cleaner', 'rick', 'kid', 'dumb']
['cleaner', 'rid', 'dumb', 'back']
['cleaner', 'rid', 'dumb', 'bank']
['cleaner', 'rid', 'dumb', 'belkin']
['cleaner', 'rid', 'dumb', 'bikini']
['clear', 'rank', 'kid', 'dumb']
['clear', 'read', 'dumb', 'belkin']
['clear', 'read', 'dumb', 'bikini']
['clear', 'red', 'dumb', 'belkin']
['clear', 'red', 'dumb', 'bikini']
['clear', 'reduced', 'dumb', 'belkin']
['clear', 'reduced', 'dumb', 'bikini']
['clear', 'reid', 'dumb', 'bank']
['clear', 'reid', 'dumb', 'belkin']
['clear', 'reid', 'dumb', 'bikini']
['clear', 'rid', 'dumb', 'bank']
['clear', 'rid', 'dumb', 'belkin']
['clear', 'rid', 'dumb', 'bikini']
['cleared', 'dad', 'dumb', 'belkin']
['cleared', 'dad', 'dumb', 'bikini']
['cleared', 'damn', 'number', 'rick']
['cleared', 'dan', 'number', 'rick']
['cleared', 'dark', 'klein', 'number']
['cleared', 'dead', 'dumb', 'belkin']
['cleared', 'dead', 'dumb', 'bikini']
['cleared', 'dean', 'number', 'rick']
['cleared', 'decided', 'dumb', 'bank']
['cleared', 'decided', 'dumb', 'belkin']
['cleared', 'decided', 'dumb', 'bikini']
['cleared', 'deck', 'klein', 'number']
['cleared', 'den', 'number', 'rick']
['cleared', 'denied', 'dumb', 'back']
['cleared', 'denied', 'dumb', 'bank']
['cleared', 'denied', 'dumb', 'belkin']
['cleared', 'denied', 'dumb', 'bikini']
['cleared', 'denmark', 'kid', 'dumb']
['cleared', 'denmark', 'klein', 'number']
['cleared', 'dick', 'karen', 'number']
['cleared', 'dick', 'klein', 'number']
['cleared', 'did', 'dumb', 'bank']
['cleared', 'did', 'dumb', 'belkin']
['cleared', 'did', 'dumb', 'bikini']
['cleared', 'died', 'dumb', 'bank']
['cleared', 'died', 'dumb', 'belkin']
['cleared', 'died', 'dumb', 'bikini']
['cleared', 'dried', 'dumb', 'bank']
['cleared', 'dried', 'dumb', 'belkin']
['cleared', 'dried', 'dumb', 'bikini']
['cleared', 'drink', 'karen', 'number']
['cleared', 'drink', 'kid', 'dumb']
['cleared', 'drink', 'klein', 'number']
['cleared', 'duck', 'karma', 'ambien']
['cleared', 'duck', 'klein', 'number']
['cleared', 'dumb', 'back', 'klein']
['cleared', 'dumb', 'bad', 'drink']
['cleared', 'dumb', 'ban', 'nick']
['cleared', 'dumb', 'bank', 'kick']
['cleared', 'dumb', 'bank', 'kid']
['cleared', 'dumb', 'bank', 'kim']
['cleared', 'dumb', 'bank', 'kirk']
['cleared', 'dumb', 'bank', 'klein']
['cleared', 'dumb', 'barn', 'nick']
['cleared', 'dumb', 'bean', 'nick']
['cleared', 'dumb', 'bed', 'drink']
['cleared', 'dumb', 'ben', 'nick']
['cleared', 'dumb', 'bernard', 'dick']
['cleared', 'dumb', 'bernard', 'drink']
['cleared', 'dumb', 'bid', 'denmark']
['cleared', 'dumb', 'bid', 'drink']
['cleared', 'dumb', 'bin', 'neck']
['cleared', 'dumb', 'bin', 'nick']
['cleared', 'dumb', 'bird', 'denmark']
['cleared', 'dumb', 'bird', 'drink']
['clerk', 'karen', 'number', 'reid']
['clerk', 'karen', 'number', 'rid']
['clerk', 'karen', 'number', 'ride']
['clerk', 'karen', 'number', 'rider']
['clerk', 'karma', 'admin', 'number']
['clerk', 'karma', 'ambien', 'nude']
['clerk', 'kid', 'damn', 'number']
['clerk', 'kid', 'dan', 'number']
['clerk', 'kid', 'dean', 'number']
['clerk', 'kid', 'dumb', 'ban']
['clerk', 'kid', 'dumb', 'banana']
['clerk', 'kid', 'dumb', 'bank']
['clerk', 'kid', 'dumb', 'barn']
['clerk', 'kid', 'dumb', 'bean']
['clerk', 'kid', 'dumb', 'bernard']
['clerk', 'klein', 'number', 'radar']
['clerk', 'klein', 'number', 'read']
['clerk', 'klein', 'number', 'reader']
['crack', 'kid', 'dumb', 'belkin']
['crack', 'klein', 'number', 'radar']
['crack', 'klein', 'number', 'read']
['crack', 'klein', 'number', 'reader']
['crack', 'klein', 'number', 'red']
['crack', 'klein', 'number', 'reduce']
['crack', 'klein', 'number', 'reduced']
['crack', 'klein', 'number', 'reid']
['crack', 'klein', 'number', 'rid']
['crack', 'klein', 'number', 'ride']
['crack', 'klein', 'number', 'rider']
['cradle', 'earn', 'number', 'rick']
['cradle', 'earned', 'dumb', 'belkin']
['cradle', 'earned', 'dumb', 'bikini']
['cradle', 'eden', 'number', 'rick']
['cradle', 'enabled', 'duck', 'kim']
['cradle', 'enabled', 'dumb', 'belkin']
['cradle', 'enabled', 'dumb', 'bikini']
['cradle', 'enb', 'belkin', 'number']
['cradle', 'erik', 'karen', 'number']
['cradle', 'erik', 'klein', 'number']
['cream', 'mad', 'dumb', 'belkin']
['cream', 'madrid', 'dumb', 'belkin']
['cream', 'marie', 'enabled', 'duck']
['cream', 'marine', 'enabled', 'duck']
['cream', 'mice', 'enabled', 'duck']
['cream', 'mid', 'dumb', 'belkin']
['cream', 'mine', 'enabled', 'duck']
['cream', 'miracle', 'enabled', 'duck']
['cream', 'mlb', 'belkin', 'nude']
['cream', 'mud', 'dumb', 'belkin']
['crm', 'mad', 'dumb', 'belkin']
['crm', 'madrid', 'dumb', 'belkin']
['crm', 'marie', 'enabled', 'duck']
['crm', 'marine', 'enabled', 'duck']
['crm', 'mice', 'enabled', 'duck']
['crm', 'mine', 'enabled', 'duck']
['crm', 'miracle', 'enabled', 'duck']
['cum', 'made', 'enable', 'erik']
['cum', 'made', 'enabled', 'drink']
['cum', 'madrid', 'dumb', 'belkin']
['cum', 'mae', 'enabled', 'drink']
['cum', 'marie', 'enabled', 'dark']
['cum', 'marie', 'enabled', 'deck']
['cum', 'marie', 'enabled', 'denmark']
['cum', 'marie', 'enabled', 'dick']
['cum', 'marie', 'enabled', 'drink']
['cum', 'marie', 'enabled', 'duck']
['cum', 'marine', 'enabled', 'dark']
['cum', 'marine', 'enabled', 'deck']
['cum', 'marine', 'enabled', 'denmark']
['cum', 'marine', 'enabled', 'dick']
['cum', 'marine', 'enabled', 'drink']
['cum', 'marine', 'enabled', 'duck']
['cum', 'mice', 'enabled', 'dark']
['cum', 'mice', 'enabled', 'denmark']
['cum', 'mice', 'enabled', 'drink']
['cum', 'mine', 'enabled', 'dark']
['cum', 'mine', 'enabled', 'denmark']
['cum', 'mine', 'enabled', 'drink']
['cum', 'miracle', 'enabled', 'dark']
['cum', 'miracle', 'enabled', 'deck']
['cum', 'miracle', 'enabled', 'denmark']
['cum', 'miracle', 'enabled', 'dick']
['cum', 'miracle', 'enabled', 'drink']
['cum', 'miracle', 'enabled', 'duck']
['cum', 'mlb', 'bernard', 'dick']
['cum', 'mlb', 'bernard', 'drink']
['cum', 'mlb', 'bid', 'denmark']
['cum', 'mlb', 'bird', 'denmark']
['dad', 'deck', 'klein', 'number']
['dad', 'dick', 'klein', 'number']
['dad', 'duck', 'klein', 'number']
['dad', 'dumb', 'belkin', 'nuclear']
['dam', 'marie', 'enabled', 'duck']
['dam', 'marine', 'enabled', 'duck']
['dam', 'miracle', 'enabled', 'duck']
['dam', 'mlb', 'belkin', 'nuclear']
['damn', 'neck', 'klein', 'number']
['damn', 'nick', 'klein', 'number']
['damn', 'number', 'rack', 'klein']
['damn', 'number', 'rick', 'karl']
['damn', 'number', 'rick', 'klein']
['dan', 'neck', 'klein', 'number']
['dan', 'nick', 'klein', 'number']
['dan', 'number', 'rack', 'klein']
['dan', 'number', 'rick', 'karl']
['dan', 'number', 'rick', 'klein']
['dana', 'aka', 'ambien', 'nuclear']
['dana', 'ambien', 'nuclear', 'rack']
['dana', 'ambien', 'nuclear', 'rank']
['dana', 'ambien', 'nuclear', 'rick']
['daniel', 'lean', 'number', 'rack']
['daniel', 'lean', 'number', 'rick']
['daniel', 'learn', 'number', 'rack']
['daniel', 'learn', 'number', 'rick']
['daniel', 'learned', 'dumb', 'back']
['daniel', 'len', 'number', 'rack']
['daniel', 'len', 'number', 'rick']
['daniel', 'luck', 'karen', 'number']
['daniel', 'luck', 'karma', 'abc']
['daniel', 'luck', 'karma', 'able']
['daniel', 'luck', 'karma', 'amber']
['daniel', 'luck', 'karma', 'ambien']
['daniel', 'luck', 'karma', 'arab']
['daniel', 'luck', 'karma', 'arabic']
['daniel', 'luck', 'klein', 'number']
['dare', 'enabled', 'duck', 'kim']
['dark', 'karma', 'ambien', 'nuclear']
['dark', 'kick', 'klein', 'number']
['dark', 'klein', 'nbc', 'cum']
['dark', 'klein', 'number', 'race']
['dark', 'klein', 'number', 'rack']
['dark', 'klein', 'number', 'rca']
['dark', 'klein', 'number', 'rec']
['dark', 'klein', 'number', 'reduce']
['dark', 'klein', 'number', 'reduced']
['dark', 'klein', 'number', 'rica']
['dark', 'klein', 'number', 'rice']
['dark', 'klein', 'number', 'rick']
['dead', 'deck', 'klein', 'number']
['dead', 'dick', 'klein', 'number']
['dead', 'duck', 'klein', 'number']
['dead', 'dumb', 'belkin', 'nuclear']
['dean', 'neck', 'klein', 'number']
['dean', 'nick', 'klein', 'number']
['dean', 'number', 'rack', 'klein']
['dean', 'number', 'rick', 'karl']
['dean', 'number', 'rick', 'klein']
['dear', 'rack', 'klein', 'number']
['dear', 'reduced', 'dumb', 'belkin']
['dear', 'rick', 'klein', 'number']
['dec', 'cab', 'belkin', 'number']
['dec', 'card', 'dumb', 'belkin']
['dec', 'clean', 'number', 'rick']
['dec', 'cleared', 'dumb', 'belkin']
['dec', 'cleared', 'dumb', 'bikini']
['dec', 'crack', 'klein', 'number']
['decade', 'earned', 'dumb', 'belkin']
['decade', 'enb', 'belkin', 'number']
['decade', 'erik', 'klein', 'number']
['decide', 'earned', 'dumb', 'belkin']
['decide', 'enabled', 'duck', 'karma']
['decided', 'dark', 'klein', 'number']
['decided', 'denmark', 'klein', 'number']
['decided', 'dude', 'enabled', 'denmark']
['decided', 'due', 'enabled', 'denmark']
['decided', 'dumb', 'bank', 'karl']
['decided', 'dumb', 'belkin', 'near']
['decided', 'dumb', 'belkin', 'nuclear']
['deck', 'karma', 'ambien', 'nuclear']
['deck', 'klein', 'number', 'race']
['deck', 'klein', 'number', 'rack']
['deck', 'klein', 'number', 'radar']
['deck', 'klein', 'number', 'ram']
['deck', 'klein', 'number', 'ran']
['deck', 'klein', 'number', 'rank']
['deck', 'klein', 'number', 'rare']
['deck', 'klein', 'number', 'rca']
['deck', 'klein', 'number', 'read']
['deck', 'klein', 'number', 'reader']
['deck', 'klein', 'number', 'rear']
['deck', 'klein', 'number', 'rica']
['deck', 'klein', 'number', 'rna']
['del', 'lean', 'number', 'rick']
['del', 'learn', 'number', 'rick']
['del', 'luck', 'karma', 'ambien']
['den', 'number', 'rack', 'klein']
['den', 'number', 'rick', 'karl']
['denied', 'duck', 'karma', 'able']
['denied', 'dumb', 'back', 'karl']
['denied', 'dumb', 'belkin', 'nuclear']
['denmark', 'karma', 'ambien', 'nuclear']
['denmark', 'kick', 'klein', 'number']
['denmark', 'klein', 'nbc', 'cum']
['denmark', 'klein', 'nuclear', 'rebel']
['denmark', 'klein', 'number', 'race']
['denmark', 'klein', 'number', 'rack']
['denmark', 'klein', 'number', 'rca']
['denmark', 'klein', 'number', 'rec']
['denmark', 'klein', 'number', 'reduce']
['denmark', 'klein', 'number', 'reduced']
['denmark', 'klein', 'number', 'rica']
['denmark', 'klein', 'number', 'rice']
['denmark', 'klein', 'number', 'rick']
['der', 'rack', 'klein', 'number']
['dice', 'earned', 'dumb', 'belkin']
['dice', 'enabled', 'duck', 'karma']
['dick', 'karen', 'number', 'rebel']
['dick', 'karen', 'number', 'rel']
['dick', 'karl', 'lean', 'number']
['dick', 'karl', 'learn', 'number']
['dick', 'karl', 'learned', 'dumb']
['dick', 'karl', 'len', 'number']
['dick', 'karma', 'ambien', 'nuclear']
['dick', 'klein', 'number', 'race']
['dick', 'klein', 'number', 'rack']
['dick', 'klein', 'number', 'radar']
['dick', 'klein', 'number', 'ram']
['dick', 'klein', 'number', 'ran']
['dick', 'klein', 'number', 'rank']
['dick', 'klein', 'number', 'rare']
['dick', 'klein', 'number', 'rca']
['dick', 'klein', 'number', 'read']
['dick', 'klein', 'number', 'reader']
['dick', 'klein', 'number', 'rear']
['dick', 'klein', 'number', 'rica']
['dick', 'klein', 'number', 'rna']
['did', 'dumb', 'belkin', 'nuclear']
['die', 'enabled', 'duck', 'karma']
['died', 'dumb', 'belkin', 'nuclear']
['dim', 'marie', 'enabled', 'duck']
['dim', 'marine', 'enabled', 'duck']
['dim', 'miracle', 'enabled', 'duck']
['dim', 'mlb', 'belkin', 'nuclear']
['dim', 'mlb', 'bernard', 'duck']
['dir', 'rack', 'klein', 'number']
['dir', 'reduce', 'enabled', 'denmark']
['drama', 'acid', 'dumb', 'belkin']
['drama', 'aka', 'ambien', 'nuclear']
['drama', 'ambien', 'nuclear', 'rack']
['drama', 'ambien', 'nuclear', 'rank']
['drama', 'ambien', 'nuclear', 'rick']
['drama', 'arab', 'belkin', 'nuclear']
['dream', 'marie', 'enabled', 'duck']
['dream', 'marine', 'enabled', 'duck']
['dream', 'mice', 'enabled', 'duck']
['dream', 'mine', 'enabled', 'duck']
['dream', 'minimum', 'mlb', 'back']
['dream', 'miracle', 'enabled', 'duck']
['dream', 'mlb', 'belkin', 'nuclear']
['dried', 'dumb', 'back', 'klein']
['dried', 'dumb', 'belkin', 'nuclear']
['drink', 'karma', 'ambien', 'nuclear']
['drink', 'klein', 'number', 'race']
['drink', 'klein', 'number', 'rack']
['drink', 'klein', 'number', 'rca']
['drink', 'klein', 'number', 'rica']
['duck', 'karma', 'ambien', 'nuclear']
['duck', 'karma', 'arab', 'belkin']
['duck', 'karma', 'arabic', 'clean']
['duck', 'karma', 'arabic', 'cleaner']
['duck', 'kim', 'marie', 'enable']
['duck', 'kim', 'marie', 'enabled']
['duck', 'kim', 'marina', 'able']
['duck', 'kim', 'marine', 'enable']
['duck', 'kim', 'marine', 'enabled']
['duck', 'kim', 'miracle', 'enable']
['duck', 'kim', 'miracle', 'enabled']
['duck', 'kim', 'miracle', 'enb']
['duck', 'kim', 'mlb', 'bernard']
['duck', 'kim', 'mrna', 'able']
['duck', 'klein', 'nba', 'amber']
['duck', 'klein', 'nba', 'arm']
['duck', 'klein', 'nbc', 'ceramic']
['duck', 'klein', 'nbc', 'cream']
['duck', 'klein', 'number', 'race']
['duck', 'klein', 'number', 'rack']
['duck', 'klein', 'number', 'radar']
['duck', 'klein', 'number', 'ram']
['duck', 'klein', 'number', 'ran']
['duck', 'klein', 'number', 'rank']
['duck', 'klein', 'number', 'rare']
['duck', 'klein', 'number', 'rca']
['duck', 'klein', 'number', 'read']
['duck', 'klein', 'number', 'reader']
['duck', 'klein', 'number', 'rear']
['duck', 'klein', 'number', 'rica']
['duck', 'klein', 'number', 'rna']
['dude', 'enabled', 'decided', 'denmark']
['dude', 'enabled', 'denmark', 'kick']
['dude', 'enabled', 'dick', 'karma']
['due', 'enabled', 'decided', 'denmark']
['due', 'enabled', 'denmark', 'kick']
['due', 'enabled', 'dick', 'karma']
['dui', 'ice', 'enabled', 'denmark']
['dumb', 'back', 'kirk', 'klein']
['dumb', 'back', 'klein', 'near']
['dumb', 'back', 'klein', 'nuclear']
['dumb', 'back', 'klein', 'number']
['dumb', 'ban', 'nuclear', 'rick']
['dumb', 'banana', 'arabic', 'clerk']
['dumb', 'bank', 'kim', 'miracle']
['dumb', 'bank', 'klein', 'nuclear']
['dumb', 'bar', 'rack', 'klein']
['dumb', 'bar', 'rick', 'klein']
['dumb', 'bare', 'enabled', 'dick']
['dumb', 'barn', 'neck', 'klein']
['dumb', 'barn', 'nick', 'klein']
['dumb', 'barn', 'nuclear', 'rick']
['dumb', 'bean', 'nick', 'karl']
['dumb', 'bean', 'nuclear', 'rick']
['dumb', 'bear', 'rack', 'klein']
['dumb', 'bear', 'rick', 'klein']
['dumb', 'belkin', 'nam', 'marc']
['dumb', 'belkin', 'nam', 'miracle']
['dumb', 'belkin', 'nba', 'acer']
['dumb', 'belkin', 'nba', 'acre']
['dumb', 'belkin', 'nba', 'arabic']
['dumb', 'belkin', 'nba', 'arc']
['dumb', 'belkin', 'nba', 'arcade']
['dumb', 'belkin', 'nbc', 'car']
['dumb', 'belkin', 'nbc', 'card']
['dumb', 'belkin', 'nbc', 'care']
['dumb', 'belkin', 'nbc', 'carl']
['dumb', 'belkin', 'nbc', 'cedar']
['dumb', 'belkin', 'nbc', 'ceramic']
['dumb', 'belkin', 'nbc', 'cleaner']
['dumb', 'belkin', 'nbc', 'clear']
['dumb', 'belkin', 'nbc', 'cleared']
['dumb', 'belkin', 'nbc', 'crack']
['dumb', 'belkin', 'nbc', 'cradle']
['dumb', 'belkin', 'nbc', 'cream']
['dumb', 'belkin', 'near', 'race']
['dumb', 'belkin', 'near', 'rack']
['dumb', 'belkin', 'near', 'rca']
['dumb', 'belkin', 'near', 'rec']
['dumb', 'belkin', 'near', 'reduce']
['dumb', 'belkin', 'near', 'reduced']
['dumb', 'belkin', 'near', 'rica']
['dumb', 'belkin', 'near', 'rice']
['dumb', 'belkin', 'near', 'rick']
['dumb', 'belkin', 'nec', 'car']
['dumb', 'belkin', 'nec', 'card']
['dumb', 'belkin', 'nec', 'care']
['dumb', 'belkin', 'nec', 'carl']
['dumb', 'belkin', 'nec', 'cedar']
['dumb', 'belkin', 'nec', 'ceramic']
['dumb', 'belkin', 'nec', 'cleaner']
['dumb', 'belkin', 'nec', 'clear']
['dumb', 'belkin', 'nec', 'cleared']
['dumb', 'belkin', 'nec', 'crack']
['dumb', 'belkin', 'nec', 'cradle']
['dumb', 'belkin', 'nec', 'cream']
['dumb', 'belkin', 'neck', 'karen']
['dumb', 'belkin', 'neck', 'karl']
['dumb', 'belkin', 'neck', 'karma']
['dumb', 'belkin', 'nice', 'ear']
['dumb', 'belkin', 'nice', 'earl']
['dumb', 'belkin', 'nice', 'earn']
['dumb', 'belkin', 'nice', 'earned']
['dumb', 'belkin', 'nice', 'era']
['dumb', 'belkin', 'nick', 'karen']
['dumb', 'belkin', 'nick', 'karl']
['dumb', 'belkin', 'nick', 'karma']
['dumb', 'belkin', 'number', 'race']
['dumb', 'belkin', 'number', 'rack']
['dumb', 'belkin', 'number', 'rca']
['dumb', 'belkin', 'number', 'rica']
['dumb', 'ben', 'nick', 'karl']
['dumb', 'ben', 'nuclear', 'rick']
['dumb', 'bernard', 'daniel', 'luck']
['dumb', 'bernard', 'deck', 'klein']
['dumb', 'bernard', 'dick', 'karl']
['dumb', 'bernard', 'dick', 'klein']
['dumb', 'bernard', 'duck', 'klein']
['dumb', 'bible', 'earn', 'neck']
['dumb', 'bible', 'earn', 'nick']
['dumb', 'bible', 'earned', 'deck']
['dumb', 'bible', 'earned', 'dick']
['dumb', 'bible', 'earned', 'duck']
['dumb', 'bikini', 'ibm', 'miracle']
['dumb', 'bikini', 'ice', 'earl']
['dumb', 'bikini', 'iran', 'nuclear']
['dumb', 'bikini', 'irc', 'cable']
['dumb', 'bikini', 'irc', 'clean']
['dumb', 'bikini', 'irc', 'cleaner']
['dumb', 'bikini', 'irc', 'clear']
['dumb', 'bikini', 'irc', 'cleared']
['dumb', 'bikini', 'irc', 'cradle']
['dumb', 'bin', 'neck', 'karl']
['dumb', 'bin', 'nuclear', 'rack']
['dumb', 'bin', 'nuclear', 'rank']
['dumb', 'bin', 'nuclear', 'rick']
['dumb', 'bird', 'daniel', 'luck']
['dumb', 'blue', 'earn', 'nick']
['dumb', 'blue', 'earned', 'dick']
['ear', 'reduced', 'dumb', 'belkin']
['earned', 'decided', 'dumb', 'belkin']
['earned', 'deck', 'klein', 'number']
['earned', 'dick', 'klein', 'number']
['earned', 'duck', 'kim', 'mlb']
['earned', 'duck', 'klein', 'number']
['earned', 'dumb', 'back', 'klein']
['earned', 'dumb', 'belkin', 'nbc']
['earned', 'dumb', 'belkin', 'nec']
['earned', 'dumb', 'belkin', 'neck']
['earned', 'dumb', 'belkin', 'nice']
['earned', 'dumb', 'belkin', 'nick']
['earned', 'dumb', 'belkin', 'nuclear']
['eden', 'number', 'rack', 'klein']
['eden', 'number', 'rick', 'karl']
['elder', 'rack', 'klein', 'number']
['elder', 'ran', 'number', 'rick']
['elder', 'rick', 'karen', 'number']
['enable', 'earned', 'duck', 'kim']
['enable', 'eden', 'number', 'rick']
['enabled', 'dam', 'madrid', 'duck']
['enabled', 'damn', 'nuclear', 'rick']
['enabled', 'damn', 'number', 'rick']
['enabled', 'dan', 'number', 'rick']
['enabled', 'daniel', 'luck', 'karma']
['enabled', 'dean', 'number', 'rick']
['enabled', 'decided', 'duck', 'karma']
['enabled', 'deck', 'karma', 'audi']
['enabled', 'deck', 'klein', 'number']
['enabled', 'den', 'number', 'rick']
['enabled', 'denied', 'duck', 'karma']
['enabled', 'denmark', 'kid', 'duck']
['enabled', 'denmark', 'klein', 'nuclear']
['enabled', 'dick', 'karen', 'number']
['enabled', 'dick', 'karma', 'aud']
['enabled', 'dick', 'karma', 'audi']
['enabled', 'dick', 'klein', 'number']
['enabled', 'did', 'duck', 'karma']
['enabled', 'died', 'duck', 'karma']
['enabled', 'dim', 'madrid', 'duck']
['enabled', 'dir', 'reduced', 'denmark']
['enabled', 'drama', 'acid', 'duck']
['enabled', 'drama', 'aud', 'dick']
['enabled', 'dream', 'madrid', 'duck']
['enabled', 'dream', 'mid', 'duck']
['enabled', 'dream', 'mud', 'dick']
['enabled', 'dried', 'duck', 'karma']
['enabled', 'dried', 'duck', 'kim']
['enabled', 'dried', 'dumb', 'back']
['enabled', 'duck', 'karma', 'acid']
['enabled', 'duck', 'karma', 'admin']
['enabled', 'duck', 'karma', 'ambien']
['enabled', 'duck', 'karma', 'arabic']
['enabled', 'duck', 'karma', 'audi']
['enabled', 'duck', 'kick', 'karma']
['enabled', 'duck', 'kid', 'denmark']
['enabled', 'duck', 'kid', 'drama']
['enabled', 'duck', 'kid', 'dream']
['enabled', 'duck', 'kim', 'madrid']
['enabled', 'duck', 'kim', 'mar']
['enabled', 'duck', 'kim', 'marc']
['enabled', 'duck', 'kim', 'mardi']
['enabled', 'duck', 'kim', 'marie']
['enabled', 'duck', 'kim', 'marina']
['enabled', 'duck', 'kim', 'marine']
['enabled', 'duck', 'kim', 'mark']
['enabled', 'duck', 'kim', 'miracle']
['enabled', 'duck', 'kim', 'mrna']
['enabled', 'duck', 'kirk', 'karma']
['enabled', 'duck', 'kirk', 'kim']
['enabled', 'duck', 'klein', 'number']
['enabled', 'dumb', 'back', 'kirk']
['enabled', 'dumb', 'bar', 'rick']
['enabled', 'dumb', 'barn', 'nick']
['enabled', 'dumb', 'bear', 'rick']
['enabled', 'dumb', 'belkin', 'nuclear']
['enabled', 'dumb', 'bernard', 'dick']
['enabled', 'dumb', 'bikini', 'irc']
['enabled', 'dumb', 'bird', 'deck']
['enabled', 'dumb', 'bird', 'dick']
['enabled', 'dumb', 'bird', 'duck']
['enb', 'bermuda', 'arabic', 'clerk']
['era', 'acid', 'dumb', 'belkin']
['eric', 'cad', 'dumb', 'belkin']
['eric', 'card', 'dumb', 'belkin']
['eric', 'cleared', 'dumb', 'bank']
['eric', 'cleared', 'dumb', 'belkin']
['eric', 'cleared', 'dumb', 'bikini']
['ibm', 'madrid', 'daniel', 'luck']
['ibm', 'madrid', 'duck', 'klein']
['ibm', 'marie', 'enabled', 'duck']
['ibm', 'marine', 'enabled', 'duck']
['ibm', 'miracle', 'earned', 'duck']
['ibm', 'miracle', 'enabled', 'duck']
['ibm', 'mlb', 'bernard', 'duck']
['ice', 'earned', 'dumb', 'belkin']
['ice', 'enabled', 'duck', 'karma']
['ide', 'enabled', 'duck', 'karma']
['idea', 'aka', 'ambien', 'nuclear']
['idea', 'ambien', 'nuclear', 'rack']
['idea', 'ambien', 'nuclear', 'rank']
['idea', 'ambien', 'nuclear', 'rick']
['idle', 'earn', 'number', 'rack']
['idle', 'earn', 'number', 'rick']
['idle', 'earned', 'dumb', 'back']
['idle', 'eden', 'number', 'rack']
['idle', 'enabled', 'duck', 'karma']
['ima', 'able', 'earned', 'duck']
['ima', 'acre', 'enabled', 'duck']
['ima', 'arcade', 'enabled', 'duck']
['ima', 'are', 'enabled', 'duck']
['ira', 'acid', 'dumb', 'belkin']
['irc', 'cad', 'dumb', 'belkin']
['irc', 'card', 'dumb', 'belkin']
['irc', 'cleared', 'dumb', 'bank']
['irc', 'cleared', 'dumb', 'belkin']
['irc', 'cleared', 'dumb', 'bikini']
['karen', 'nba', 'admin', 'nuclear']
['karen', 'nice', 'enabled', 'dumb']
['karen', 'nuclear', 'reid', 'dumb']
['karen', 'nuclear', 'rid', 'dumb']
['karen', 'number', 'reduced', 'daniel']
['karen', 'number', 'rice', 'elder']
['karen', 'number', 'rice', 'enabled']
['karl', 'learned', 'decided', 'dumb']
['karma', 'ace', 'enabled', 'dui']
['karma', 'acid', 'dude', 'enable']
['karma', 'acid', 'dude', 'enabled']
['karma', 'acid', 'due', 'enable']
['karma', 'acid', 'due', 'enabled']
['karma', 'acid', 'dumb', 'belkin']
['karma', 'acre', 'enabled', 'dui']
['karma', 'ada', 'ambien', 'nuclear']
['karma', 'admin', 'nuclear', 'rebel']
['karma', 'amber', 'reduced', 'daniel']
['karma', 'ambien', 'nuclear', 'radar']
['karma', 'ambien', 'nuclear', 'read']
['karma', 'ambien', 'nuclear', 'reader']
['karma', 'ambien', 'nuclear', 'red']
['karma', 'ambien', 'nuclear', 'reduce']
['karma', 'ambien', 'nuclear', 'reduced']
['karma', 'ambien', 'nuclear', 'reid']
['karma', 'ambien', 'nuclear', 'rid']
['karma', 'ambien', 'nuclear', 'ride']
['karma', 'ambien', 'nuclear', 'rider']
['karma', 'arabic', 'clean', 'nude']
['karma', 'arabic', 'cleaner', 'reduce']
['karma', 'arabic', 'cleaner', 'reduced']
['karma', 'arcade', 'enabled', 'dui']
['karma', 'aud', 'decide', 'enable']
['karma', 'aud', 'decide', 'enabled']
['karma', 'aud', 'dice', 'enable']
['karma', 'aud', 'dice', 'enabled']
['karma', 'audi', 'ice', 'enable']
['karma', 'audi', 'ice', 'enabled']
['kde', 'enable', 'eric', 'cum']
['kde', 'era', 'ambien', 'nuclear']
['kde', 'eric', 'clean', 'number']
['kick', 'karl', 'learned', 'dumb']
['kick', 'klein', 'number', 'radar']
['kick', 'klein', 'number', 'read']
['kick', 'klein', 'number', 'reader']
['kid', 'damn', 'nuclear', 'rebel']
['kid', 'dana', 'ambien', 'nuclear']
['kid', 'dec', 'clean', 'number']
['kid', 'drama', 'ambien', 'nuclear']
['kid', 'dumb', 'ban', 'nuclear']
['kid', 'dumb', 'barn', 'nuclear']
['kid', 'dumb', 'bean', 'nuclear']
['kid', 'dumb', 'belkin', 'nuclear']
['kid', 'dumb', 'ben', 'nuclear']
['kid', 'dumb', 'bin', 'nuclear']
['kim', 'mar', 'reduce', 'enable']
['kim', 'mar', 'reduce', 'enabled']
['kim', 'marie', 'enabled', 'duck']
['kim', 'marine', 'enabled', 'duck']
['kim', 'mba', 'admin', 'nuclear']
['kim', 'minimum', 'miracle', 'enabled']
['kim', 'miracle', 'earned', 'dumb']
['kim', 'miracle', 'eden', 'number']
['kim', 'miracle', 'enabled', 'duck']
['kim', 'miracle', 'enabled', 'dude']
['kim', 'miracle', 'enabled', 'due']
['kim', 'miracle', 'enabled', 'dui']
['kim', 'miracle', 'enabled', 'dumb']
['kim', 'miracle', 'enb', 'bermuda']
['kim', 'mlb', 'bernard', 'duck']
['klein', 'nba', 'admin', 'nuclear']
['klein', 'nba', 'amber', 'reduce']
['klein', 'nba', 'amber', 'reduced']
['klein', 'nbc', 'cab', 'bermuda']
['klein', 'nbc', 'card', 'dumb']
['klein', 'nbc', 'cleared', 'dumb']
['klein', 'nbc', 'cream', 'mud']
['klein', 'nbc', 'cum', 'madrid']
['klein', 'nbc', 'cum', 'mardi']
['klein', 'near', 'reduced', 'dumb']
['klein', 'nec', 'cab', 'bermuda']
['klein', 'nec', 'card', 'dumb']
['klein', 'nec', 'cleared', 'dumb']
['klein', 'nice', 'earned', 'dumb']
['klein', 'nice', 'enb', 'bermuda']
['klein', 'nuclear', 'read', 'dumb']
['klein', 'nuclear', 'red', 'dumb']
['klein', 'nuclear', 'reduced', 'dumb']
['klein', 'nuclear', 'reid', 'dumb']
['klein', 'nuclear', 'rid', 'dumb']
['klein', 'number', 'race', 'earned']
['klein', 'number', 'race', 'eden']
['klein', 'number', 'race', 'elder']
['klein', 'number', 'race', 'enabled']
['klein', 'number', 'rack', 'kde']
['klein', 'number', 'rack', 'kid']
['klein', 'number', 'radar', 'race']
['klein', 'number', 'radar', 'rack']
['klein', 'number', 'radar', 'rca']
['klein', 'number', 'radar', 'rec']
['klein', 'number', 'radar', 'reduce']
['klein', 'number', 'radar', 'reduced']
['klein', 'number', 'radar', 'rica']
['klein', 'number', 'radar', 'rice']
['klein', 'number', 'radar', 'rick']
['klein', 'number', 'rca', 'acid']
['klein', 'number', 'rca', 'ada']
['klein', 'number', 'rca', 'adam']
['klein', 'number', 'rca', 'admin']
['klein', 'number', 'rca', 'amd']
['klein', 'number', 'rca', 'arcade']
['klein', 'number', 'rca', 'aud']
['klein', 'number', 'rca', 'audi']
['klein', 'number', 'read', 'dec']
['klein', 'number', 'read', 'decade']
['klein', 'number', 'read', 'decide']
['klein', 'number', 'read', 'decided']
['klein', 'number', 'read', 'deck']
['klein', 'number', 'read', 'dice']
['klein', 'number', 'read', 'dick']
['klein', 'number', 'read', 'duck']
['klein', 'number', 'reader', 'race']
['klein', 'number', 'reader', 'rack']
['klein', 'number', 'reader', 'rca']
['klein', 'number', 'reader', 'rec']
['klein', 'number', 'reader', 'reduce']
['klein', 'number', 'reader', 'reduced']
['klein', 'number', 'reader', 'rica']
['klein', 'number', 'reader', 'rice']
['klein', 'number', 'reader', 'rick']
['klein', 'number', 'rear', 'reduce']
['klein', 'number', 'rear', 'reduced']
['klein', 'number', 'rec', 'cad']
['klein', 'number', 'rec', 'canada']
['klein', 'number', 'rec', 'card']
['klein', 'number', 'rec', 'cedar']
['klein', 'number', 'rec', 'cleared']
['klein', 'number', 'rec', 'cradle']
['klein', 'number', 'red', 'decade']
['klein', 'number', 'reduce', 'ear']
['klein', 'number', 'reduce', 'earl']
['klein', 'number', 'reduce', 'earn']
['klein', 'number', 'reduce', 'earned']
['klein', 'number', 'reduce', 'eau']
['klein', 'number', 'reduce', 'enable']
['klein', 'number', 'reduce', 'enabled']
['klein', 'number', 'reduce', 'era']
['klein', 'number', 'reduced', 'dad']
['klein', 'number', 'reduced', 'dam']
['klein', 'number', 'reduced', 'damn']
['klein', 'number', 'reduced', 'dan']
['klein', 'number', 'reduced', 'dana']
['klein', 'number', 'reduced', 'daniel']
['klein', 'number', 'reduced', 'dare']
['klein', 'number', 'reduced', 'dark']
['klein', 'number', 'reduced', 'dead']
['klein', 'number', 'reduced', 'dean']
['klein', 'number', 'reduced', 'dear']
['klein', 'number', 'reduced', 'decade']
['klein', 'number', 'reduced', 'denmark']
['klein', 'number', 'reduced', 'drama']
['klein', 'number', 'reduced', 'dream']
['klein', 'number', 'reid', 'decade']
['klein', 'number', 'rica', 'acid']
['klein', 'number', 'rica', 'ada']
['klein', 'number', 'rica', 'adam']
['klein', 'number', 'rica', 'admin']
['klein', 'number', 'rica', 'amd']
['klein', 'number', 'rica', 'arcade']
['klein', 'number', 'rica', 'aud']
['klein', 'number', 'rica', 'audi']
['klein', 'number', 'rice', 'earned']
['klein', 'number', 'rice', 'enabled']
['klein', 'number', 'rid', 'decade']
['klein', 'number', 'rider', 'race']
['klein', 'number', 'rider', 'rack']
['klein', 'number', 'rider', 'rca']
['klein', 'number', 'rider', 'rica']
['klein', 'number', 'rna', 'acid']
['klein', 'number', 'rna', 'arcade']
['lead', 'damn', 'number', 'rick']
['lead', 'dan', 'number', 'rick']
['lead', 'dean', 'number', 'rick']
['lead', 'deck', 'klein', 'number']
['lead', 'den', 'number', 'rick']
['lead', 'dick', 'karen', 'number']
['lead', 'dick', 'klein', 'number']
['lead', 'duck', 'karma', 'ambien']
['lead', 'duck', 'klein', 'number']
['lead', 'dumb', 'barn', 'nick']
['lead', 'dumb', 'belkin', 'nuclear']
['lead', 'dumb', 'bernard', 'dick']
['lead', 'dumb', 'bikini', 'irc']
['leader', 'rack', 'klein', 'number']
['leader', 'ran', 'number', 'rick']
['leader', 'reduced', 'dumb', 'belkin']
['leader', 'reduced', 'dumb', 'bikini']
['leader', 'rick', 'karen', 'number']
['leader', 'rick', 'klein', 'number']
['lean', 'number', 'rack', 'kid']
['lean', 'number', 'radar', 'rick']
['lean', 'number', 'read', 'dick']
['lean', 'number', 'reader', 'rick']
['lean', 'number', 'red', 'dick']
['lean', 'number', 'reduce', 'erik']
['lean', 'number', 'reduced', 'dick']
['lean', 'number', 'reduced', 'drink']
['lean', 'number', 'reid', 'deck']
['lean', 'number', 'reid', 'dick']
['lean', 'number', 'reid', 'duck']
['lean', 'number', 'rick', 'kde']
['lean', 'number', 'rick', 'kid']
['lean', 'number', 'rid', 'deck']
['lean', 'number', 'rid', 'dick']
['lean', 'number', 'rid', 'duck']
['lean', 'number', 'rider', 'rack']
['lean', 'number', 'rider', 'rick']
['learn', 'neck', 'kid', 'dumb']
['learn', 'nick', 'kid', 'dumb']
['learn', 'number', 'rack', 'kid']
['learn', 'number', 'radar', 'rick']
['learn', 'number', 'read', 'dick']
['learn', 'number', 'reader', 'rick']
['learn', 'number', 'red', 'dick']
['learn', 'number', 'reduce', 'erik']
['learn', 'number', 'reduced', 'dick']
['learn', 'number', 'reduced', 'drink']
['learn', 'number', 'reid', 'deck']
['learn', 'number', 'reid', 'dick']
['learn', 'number', 'reid', 'duck']
['learn', 'number', 'rick', 'kde']
['learn', 'number', 'rick', 'kid']
['learn', 'number', 'rid', 'deck']
['learn', 'number', 'rid', 'dick']
['learn', 'number', 'rid', 'duck']
['learn', 'number', 'rider', 'rack']
['learn', 'number', 'rider', 'rick']
['learned', 'damn', 'number', 'rick']
['learned', 'dan', 'number', 'rick']
['learned', 'dean', 'number', 'rick']
['learned', 'decided', 'dumb', 'back']
['learned', 'decided', 'dumb', 'bank']
['learned', 'decided', 'dumb', 'belkin']
['learned', 'decided', 'dumb', 'bikini']
['learned', 'deck', 'kid', 'dumb']
['learned', 'deck', 'klein', 'number']
['learned', 'den', 'number', 'rick']
['learned', 'denied', 'dumb', 'back']
['learned', 'dick', 'karen', 'number']
['learned', 'dick', 'kid', 'dumb']
['learned', 'dick', 'klein', 'number']
['learned', 'did', 'dumb', 'back']
['learned', 'died', 'dumb', 'back']
['learned', 'dried', 'dumb', 'back']
['learned', 'duck', 'karma', 'ambien']
['learned', 'duck', 'karma', 'arabic']
['learned', 'duck', 'kid', 'dumb']
['learned', 'duck', 'kim', 'mba']
['learned', 'duck', 'kim', 'mlb']
['learned', 'duck', 'klein', 'number']
['learned', 'dumb', 'back', 'kick']
['learned', 'dumb', 'back', 'kid']
['learned', 'dumb', 'back', 'kim']
['learned', 'dumb', 'back', 'kirk']
['learned', 'dumb', 'back', 'klein']
['learned', 'dumb', 'bad', 'dick']
['learned', 'dumb', 'ban', 'nick']
['learned', 'dumb', 'bank', 'kick']
['learned', 'dumb', 'bar', 'rick']
['learned', 'dumb', 'barn', 'nick']
['learned', 'dumb', 'bean', 'nick']
['learned', 'dumb', 'bear', 'rick']
['learned', 'dumb', 'bed', 'dick']
['learned', 'dumb', 'belkin', 'nbc']
['learned', 'dumb', 'belkin', 'nec']
['learned', 'dumb', 'belkin', 'neck']
['learned', 'dumb', 'belkin', 'nice']
['learned', 'dumb', 'belkin', 'nick']
['learned', 'dumb', 'belkin', 'nuclear']
['learned', 'dumb', 'ben', 'nick']
['learned', 'dumb', 'bernard', 'dick']
['learned', 'dumb', 'bid', 'deck']
['learned', 'dumb', 'bid', 'dick']
['learned', 'dumb', 'bid', 'duck']
['learned', 'dumb', 'bikini', 'ice']
['learned', 'dumb', 'bikini', 'irc']
['learned', 'dumb', 'bin', 'neck']
['learned', 'dumb', 'bin', 'nick']
['learned', 'dumb', 'bird', 'deck']
['learned', 'dumb', 'bird', 'dick']
['learned', 'dumb', 'bird', 'duck']
['led', 'damn', 'number', 'rick']
['led', 'dan', 'number', 'rick']
['led', 'dean', 'number', 'rick']
['led', 'dick', 'karen', 'number']
['led', 'duck', 'karma', 'ambien']
['led', 'dumb', 'barn', 'nick']
['led', 'dumb', 'belkin', 'nuclear']
['led', 'dumb', 'bernard', 'dick']
['len', 'number', 'rack', 'kid']
['len', 'number', 'radar', 'rick']
['len', 'number', 'read', 'dick']
['len', 'number', 'reader', 'rick']
['len', 'number', 'rider', 'rack']
['luck', 'karen', 'nba', 'admin']
['luck', 'karen', 'number', 'reid']
['luck', 'karen', 'number', 'rid']
['luck', 'karen', 'number', 'ride']
['luck', 'karen', 'number', 'rider']
['luck', 'karma', 'ada', 'ambien']
['luck', 'karma', 'admin', 'number']
['luck', 'karma', 'ambien', 'nude']
['luck', 'kde', 'era', 'ambien']
['luck', 'kid', 'damn', 'number']
['luck', 'kid', 'dan', 'number']
['luck', 'kid', 'dana', 'amber']
['luck', 'kid', 'dean', 'number']
['luck', 'kid', 'drama', 'ambien']
['luck', 'kid', 'dumb', 'bernard']
['luck', 'kim', 'marie', 'enabled']
['luck', 'kim', 'marine', 'enabled']
['luck', 'kim', 'miracle', 'enabled']
['luck', 'kim', 'mlb', 'bernard']
['luck', 'klein', 'number', 'radar']
['luck', 'klein', 'number', 'read']
['luck', 'klein', 'number', 'reader']
['mac', 'card', 'dumb', 'belkin']
['mac', 'circle', 'enabled', 'duck']
['mac', 'cleared', 'dumb', 'belkin']
['mac', 'cleared', 'dumb', 'bikini']
['mad', 'deck', 'klein', 'number']
['mad', 'dick', 'klein', 'number']
['mad', 'duck', 'klein', 'number']
['mad', 'dumb', 'belkin', 'nuclear']
['made', 'enabled', 'dried', 'duck']
['made', 'enabled', 'duck', 'kirk']
['made', 'enb', 'belkin', 'nuclear']
['madrid', 'dare', 'enabled', 'duck']
['madrid', 'decade', 'enabled', 'duck']
['madrid', 'decide', 'enabled', 'duck']
['madrid', 'decided', 'dumb', 'belkin']
['madrid', 'deck', 'klein', 'number']
['madrid', 'dice', 'enabled', 'duck']
['madrid', 'dick', 'klein', 'number']
['madrid', 'die', 'enabled', 'duck']
['madrid', 'duck', 'kde', 'enable']
['madrid', 'duck', 'kde', 'enabled']
['madrid', 'duck', 'klein', 'nba']
['madrid', 'duck', 'klein', 'nbc']
['madrid', 'duck', 'klein', 'number']
['madrid', 'dude', 'enabled', 'deck']
['madrid', 'dude', 'enabled', 'dick']
['madrid', 'dude', 'enabled', 'duck']
['madrid', 'due', 'enabled', 'deck']
['madrid', 'due', 'enabled', 'dick']
['madrid', 'due', 'enabled', 'duck']
['madrid', 'dumb', 'back', 'klein']
['madrid', 'dumb', 'belkin', 'nbc']
['madrid', 'dumb', 'belkin', 'nec']
['madrid', 'dumb', 'belkin', 'neck']
['madrid', 'dumb', 'belkin', 'nice']
['madrid', 'dumb', 'belkin', 'nick']
['madrid', 'dumb', 'belkin', 'nuclear']
['mae', 'enabled', 'dried', 'duck']
['mae', 'enabled', 'duck', 'kirk']
['mar', 'reduce', 'enable', 'erik']
['mar', 'reduce', 'enabled', 'dick']
['mar', 'reduce', 'enabled', 'drink']
['mar', 'reduce', 'enb', 'belkin']
['mar', 'reduced', 'dumb', 'belkin']
['mar', 'rice', 'enabled', 'duck']
['mar', 'ride', 'enabled', 'duck']
['marc', 'cab', 'belkin', 'nude']
['marc', 'cad', 'dumb', 'belkin']
['marc', 'card', 'dumb', 'belkin']
['marc', 'circle', 'enabled', 'duck']
['marc', 'cleared', 'dumb', 'belkin']
['marc', 'cleared', 'dumb', 'bikini']
['mardi', 'ice', 'enabled', 'duck']
['mardi', 'ide', 'enabled', 'duck']
['mardi', 'idle', 'enabled', 'duck']
['marie', 'enable', 'earned', 'duck']
['marie', 'enable', 'enabled', 'duck']
['marie', 'enabled', 'dad', 'duck']
['marie', 'enabled', 'daniel', 'luck']
['marie', 'enabled', 'dead', 'duck']
['marie', 'enabled', 'decided', 'duck']
['marie', 'enabled', 'del', 'luck']
['marie', 'enabled', 'denied', 'duck']
['marie', 'enabled', 'did', 'duck']
['marie', 'enabled', 'died', 'duck']
['marie', 'enabled', 'dried', 'duck']
['marie', 'enabled', 'dumb', 'back']
['marina', 'abc', 'cleared', 'duck']
['marina', 'able', 'earned', 'duck']
['marina', 'able', 'enabled', 'duck']
['marina', 'ace', 'enabled', 'duck']
['marina', 'acid', 'dumb', 'belkin']
['marina', 'acre', 'enabled', 'duck']
['marina', 'arabic', 'cleared', 'duck']
['marina', 'arcade', 'enabled', 'duck']
['marina', 'are', 'enabled', 'duck']
['marine', 'elder', 'rebel', 'luck']
['marine', 'enable', 'earned', 'duck']
['marine', 'enable', 'enabled', 'duck']
['marine', 'enabled', 'dad', 'duck']
['marine', 'enabled', 'daniel', 'luck']
['marine', 'enabled', 'dead', 'duck']
['marine', 'enabled', 'decided', 'duck']
['marine', 'enabled', 'del', 'luck']
['marine', 'enabled', 'denied', 'duck']
['marine', 'enabled', 'did', 'duck']
['marine', 'enabled', 'died', 'duck']
['marine', 'enabled', 'dried', 'duck']
['marine', 'enabled', 'dumb', 'back']
['mark', 'klein', 'number', 'reduce']
['mark', 'klein', 'number', 'reduced']
['maui', 'ice', 'enabled', 'dark']
['maui', 'ice', 'enabled', 'denmark']
['maui', 'ice', 'enabled', 'drink']
['mba', 'admin', 'nuclear', 'rack']
['mba', 'admin', 'nuclear', 'rank']
['mba', 'admin', 'nuclear', 'rick']
['mba', 'aka', 'admin', 'nuclear']
['mic', 'cable', 'earned', 'duck']
['mic', 'card', 'dumb', 'belkin']
['mic', 'care', 'enabled', 'duck']
['mic', 'circle', 'enabled', 'duck']
['mic', 'cleared', 'dumb', 'bank']
['mic', 'cleared', 'dumb', 'belkin']
['mic', 'cleared', 'dumb', 'bikini']
['mic', 'cradle', 'enabled', 'duck']
['mice', 'earned', 'dumb', 'belkin']
['mice', 'enable', 'earned', 'duck']
['mice', 'enabled', 'dried', 'duck']
['mice', 'enabled', 'duck', 'karen']
['mice', 'enabled', 'duck', 'karl']
['mice', 'enabled', 'duck', 'karma']
['mice', 'enabled', 'duck', 'kirk']
['mice', 'enabled', 'dude', 'erik']
['mice', 'enabled', 'due', 'erik']
['mid', 'dare', 'enabled', 'duck']
['mid', 'dumb', 'belkin', 'nuclear']
['min', 'nbc', 'cleared', 'duck']
['mine', 'enable', 'earned', 'duck']
['mine', 'enabled', 'dried', 'duck']
['mine', 'enabled', 'duck', 'karen']
['mine', 'enabled', 'duck', 'karl']
['mine', 'enabled', 'duck', 'karma']
['mine', 'enabled', 'duck', 'kirk']
['minimum', 'marie', 'enabled', 'deck']
['minimum', 'marie', 'enabled', 'dick']
['minimum', 'marie', 'enabled', 'duck']
['minimum', 'marine', 'enabled', 'deck']
['minimum', 'marine', 'enabled', 'dick']
['minimum', 'marine', 'enabled', 'duck']
['minimum', 'mice', 'enabled', 'dark']
['minimum', 'mice', 'enabled', 'denmark']
['minimum', 'mice', 'enabled', 'drink']
['minimum', 'miracle', 'enabled', 'dark']
['minimum', 'miracle', 'enabled', 'deck']
['minimum', 'miracle', 'enabled', 'denmark']
['minimum', 'miracle', 'enabled', 'dick']
['minimum', 'miracle', 'enabled', 'drink']
['minimum', 'miracle', 'enabled', 'duck']
['minimum', 'mlb', 'bernard', 'deck']
['minimum', 'mlb', 'bernard', 'dick']
['minimum', 'mlb', 'bernard', 'duck']
['miracle', 'earned', 'dumb', 'back']
['miracle', 'earned', 'dumb', 'bank']
['miracle', 'earned', 'dumb', 'belkin']
['miracle', 'earned', 'dumb', 'bikini']
['miracle', 'eden', 'number', 'rack']
['miracle', 'eden', 'number', 'rank']
['miracle', 'eden', 'number', 'rick']
['miracle', 'enable', 'earned', 'duck']
['miracle', 'enable', 'enabled', 'duck']
['miracle', 'enabled', 'dad', 'duck']
['miracle', 'enabled', 'daniel', 'luck']
['miracle', 'enabled', 'dead', 'duck']
['miracle', 'enabled', 'decided', 'duck']
['miracle', 'enabled', 'del', 'luck']
['miracle', 'enabled', 'denied', 'duck']
['miracle', 'enabled', 'did', 'duck']
['miracle', 'enabled', 'died', 'duck']
['miracle', 'enabled', 'dried', 'duck']
['miracle', 'enabled', 'dude', 'erik']
['miracle', 'enabled', 'due', 'erik']
['miracle', 'enabled', 'dui', 'ink']
['miracle', 'enabled', 'dumb', 'back']
['miracle', 'enabled', 'dumb', 'bank']
['miracle', 'enabled', 'dumb', 'belkin']
['miracle', 'enabled', 'dumb', 'bikini']
['miracle', 'enb', 'bad', 'duck']
['miracle', 'enb', 'bed', 'duck']
['miracle', 'enb', 'belkin', 'nude']
['miracle', 'enb', 'bermuda', 'aka']
['miracle', 'enb', 'bernard', 'duck']
['miracle', 'enb', 'bid', 'duck']
['miracle', 'enb', 'bird', 'duck']
['mlb', 'bar', 'reduced', 'drink']
['mlb', 'bear', 'reduced', 'drink']
['mlb', 'belkin', 'near', 'reduce']
['mlb', 'belkin', 'near', 'reduced']
['mlb', 'belkin', 'nuclear', 'radar']
['mlb', 'belkin', 'nuclear', 'read']
['mlb', 'belkin', 'nuclear', 'reader']
['mlb', 'belkin', 'nuclear', 'red']
['mlb', 'belkin', 'nuclear', 'reduce']
['mlb', 'belkin', 'nuclear', 'reduced']
['mlb', 'belkin', 'nuclear', 'reid']
['mlb', 'belkin', 'nuclear', 'rid']
['mlb', 'belkin', 'nuclear', 'ride']
['mlb', 'belkin', 'nuclear', 'rider']
['mlb', 'bermuda', 'acid', 'denmark']
['mlb', 'bermuda', 'acid', 'drink']
['mlb', 'bermuda', 'admin', 'neck']
['mlb', 'bermuda', 'admin', 'nick']
['mlb', 'bermuda', 'ambien', 'neck']
['mlb', 'bermuda', 'ambien', 'nick']
['mlb', 'bernard', 'daniel', 'luck']
['mlb', 'bernard', 'decided', 'duck']
['mlb', 'bernard', 'denied', 'duck']
['mlb', 'bernard', 'did', 'duck']
['mlb', 'bernard', 'died', 'duck']
['mlb', 'bernard', 'dried', 'duck']
['mlb', 'bernard', 'duck', 'kick']
['mlb', 'bernard', 'duck', 'kid']
['mlb', 'bernard', 'duck', 'kim']
['mlb', 'bernard', 'duck', 'kirk']
['mlb', 'bernard', 'duck', 'klein']
['mlb', 'bible', 'earned', 'duck']
['mlb', 'bid', 'duck', 'karen']
['mlb', 'bird', 'daniel', 'luck']
['mlb', 'bird', 'duck', 'karen']
['mlb', 'blue', 'earned', 'dick']
['mrna', 'acid', 'dumb', 'belkin']
['mrna', 'arabic', 'cleared', 'duck']
['mud', 'dana', 'arabic', 'clerk']
['mud', 'dare', 'enabled', 'dick']
['mud', 'dark', 'klein', 'nbc']
['mud', 'decade', 'enable', 'erik']
['mud', 'decade', 'enabled', 'drink']
['mud', 'decide', 'enable', 'erik']
['mud', 'decide', 'enabled', 'dark']
['mud', 'decide', 'enabled', 'denmark']
['mud', 'decide', 'enabled', 'drink']
['mud', 'denmark', 'klein', 'nbc']
['mud', 'dice', 'enable', 'erik']
['mud', 'dice', 'enabled', 'dark']
['mud', 'dice', 'enabled', 'denmark']
['mud', 'dice', 'enabled', 'drink']
['mud', 'dumb', 'belkin', 'nuclear']
['nam', 'marie', 'enabled', 'duck']
['nam', 'marine', 'enabled', 'duck']
['nam', 'miracle', 'enabled', 'duck']
['nba', 'admin', 'nuclear', 'rack']
['nba', 'admin', 'nuclear', 'rank']
['nba', 'admin', 'nuclear', 'rick']
['nba', 'aka', 'admin', 'nuclear']
['nbc', 'card', 'dumb', 'belkin']
['nbc', 'ceramic', 'cleared', 'duck']
['nbc', 'cleared', 'duck', 'kim']
['nbc', 'cleared', 'dumb', 'belkin']
['nbc', 'cleared', 'dumb', 'bikini']
['nbc', 'clerk', 'karma', 'audi']
['near', 'reduced', 'dumb', 'belkin']
['nec', 'card', 'dumb', 'belkin']
['nec', 'cleared', 'dumb', 'belkin']
['nec', 'cleared', 'dumb', 'bikini']
['neck', 'kim', 'mlb', 'bermuda']
['neck', 'klein', 'number', 'radar']
['neck', 'klein', 'number', 'read']
['neck', 'klein', 'number', 'reader']
['nice', 'earned', 'dumb', 'belkin']
['nice', 'enabled', 'duck', 'karma']
['nick', 'karl', 'lead', 'dumb']
['nick', 'karl', 'learned', 'dumb']
['nick', 'karl', 'led', 'dumb']
['nick', 'kim', 'mlb', 'bermuda']
['nick', 'klein', 'number', 'radar']
['nick', 'klein', 'number', 'read']
['nick', 'klein', 'number', 'reader']
['nine', 'enabled', 'duck', 'karma']
['nuclear', 'rack', 'kid', 'dumb']
['nuclear', 'rank', 'kid', 'dumb']
['nuclear', 'read', 'dumb', 'belkin']
['nuclear', 'read', 'dumb', 'bikini']
['nuclear', 'red', 'dumb', 'belkin']
['nuclear', 'red', 'dumb', 'bikini']
['nuclear', 'reduced', 'dumb', 'belkin']
['nuclear', 'reduced', 'dumb', 'bikini']
['nuclear', 'reid', 'dumb', 'back']
['nuclear', 'reid', 'dumb', 'bank']
['nuclear', 'reid', 'dumb', 'belkin']
['nuclear', 'reid', 'dumb', 'bikini']
['nuclear', 'rice', 'enabled', 'denmark']
['nuclear', 'rick', 'kid', 'dumb']
['nuclear', 'rid', 'dumb', 'back']
['nuclear', 'rid', 'dumb', 'bank']
['nuclear', 'rid', 'dumb', 'belkin']
['nuclear', 'rid', 'dumb', 'bikini']
['nuclear', 'ride', 'enabled', 'denmark']
['nude', 'enabled', 'decided', 'denmark']
['nude', 'enabled', 'denmark', 'kick']
['nude', 'enabled', 'dick', 'karma']
['number', 'race', 'elder', 'rick']
['number', 'race', 'enabled', 'dick']
['number', 'race', 'enabled', 'drink']
['number', 'rack', 'kid', 'daniel']
['number', 'rack', 'kid', 'del']
['number', 'rack', 'klein', 'nude']
['number', 'radar', 'rack', 'klein']
['number', 'radar', 'rick', 'karl']
['number', 'radar', 'rick', 'klein']
['number', 'rare', 'elder', 'rick']
['number', 'rare', 'enabled', 'dick']
['number', 'read', 'daniel', 'luck']
['number', 'read', 'deck', 'klein']
['number', 'read', 'dick', 'karl']
['number', 'read', 'dick', 'klein']
['number', 'read', 'duck', 'klein']
['number', 'reader', 'rack', 'klein']
['number', 'reader', 'rick', 'karl']
['number', 'reader', 'rick', 'klein']
['number', 'rebel', 'lead', 'dick']
['number', 'rebel', 'leader', 'rick']
['number', 'rebel', 'learned', 'dick']
['number', 'rec', 'cleared', 'dick']
['number', 'rec', 'cleared', 'drink']
['number', 'rec', 'cradle', 'erik']
['number', 'red', 'daniel', 'luck']
['number', 'red', 'dick', 'karl']
['number', 'reduce', 'enable', 'erik']
['number', 'reduce', 'enabled', 'dick']
['number', 'reduce', 'enabled', 'drink']
['number', 'reduce', 'erik', 'karl']
['number', 'reduced', 'daniel', 'luck']
['number', 'reduced', 'dark', 'klein']
['number', 'reduced', 'denmark', 'klein']
['number', 'reduced', 'dick', 'karl']
['number', 'reduced', 'drink', 'karl']
['number', 'reid', 'daniel', 'luck']
['number', 'reid', 'deck', 'karl']
['number', 'reid', 'dick', 'karl']
['number', 'reid', 'duck', 'karl']
['number', 'rel', 'lead', 'dick']
['number', 'rel', 'leader', 'rick']
['number', 'rel', 'learned', 'dick']
['number', 'rice', 'elder', 'rack']
['number', 'rice', 'elder', 'rank']
['number', 'rice', 'enabled', 'dark']
['number', 'rice', 'enabled', 'deck']
['number', 'rice', 'enabled', 'denmark']
['number', 'rice', 'enabled', 'dick']
['number', 'rice', 'enabled', 'drink']
['number', 'rice', 'enabled', 'duck']
['number', 'rick', 'karl', 'lead']
['number', 'rick', 'karl', 'leader']
['number', 'rick', 'karl', 'learned']
['number', 'rick', 'karl', 'led']
['number', 'rick', 'kde', 'earl']
['number', 'rick', 'kde', 'enable']
['number', 'rick', 'kde', 'enabled']
['number', 'rick', 'kid', 'daniel']
['number', 'rid', 'daniel', 'luck']
['number', 'rid', 'deck', 'karl']
['number', 'rid', 'dick', 'karl']
['number', 'rid', 'duck', 'karl']
['number', 'ride', 'earl', 'luck']
['number', 'ride', 'elder', 'rack']
['number', 'ride', 'enabled', 'deck']
['number', 'ride', 'enabled', 'dick']
['number', 'ride', 'enabled', 'duck']
['number', 'rider', 'rack', 'karl']
['number', 'rider', 'rack', 'klein']
['number', 'rider', 'rick', 'karl']
['race', 'earned', 'dumb', 'belkin']
['race', 'enabled', 'duck', 'kim']
['race', 'enabled', 'dumb', 'belkin']
['race', 'enabled', 'dumb', 'bikini']
['rack', 'kid', 'dumb', 'belkin']
['rack', 'klein', 'number', 'radar']
['rack', 'klein', 'number', 'read']
['rack', 'klein', 'number', 'reader']
['rack', 'klein', 'number', 'red']
['rack', 'klein', 'number', 'reduce']
['rack', 'klein', 'number', 'reduced']
['rack', 'klein', 'number', 'reid']
['rack', 'klein', 'number', 'rid']
['rack', 'klein', 'number', 'ride']
['rack', 'klein', 'number', 'rider']
['radar', 'rack', 'klein', 'number']
['radar', 'reduced', 'dumb', 'belkin']
['radar', 'rick', 'klein', 'number']
['ram', 'marie', 'enabled', 'duck']
['ram', 'marine', 'enabled', 'duck']
['ram', 'mice', 'enabled', 'duck']
['ram', 'mine', 'enabled', 'duck']
['ram', 'miracle', 'enabled', 'duck']
['rank', 'klein', 'number', 'reduce']
['rank', 'klein', 'number', 'reduced']
['rare', 'enabled', 'duck', 'kim']
['rca', 'acid', 'dumb', 'belkin']
['rca', 'amd', 'dumb', 'belkin']
['rca', 'aud', 'dumb', 'belkin']
['read', 'decided', 'dumb', 'belkin']
['read', 'deck', 'klein', 'number']
['read', 'dick', 'klein', 'number']
['read', 'duck', 'klein', 'number']
['read', 'dumb', 'back', 'klein']
['read', 'dumb', 'belkin', 'nbc']
['read', 'dumb', 'belkin', 'nec']
['read', 'dumb', 'belkin', 'neck']
['read', 'dumb', 'belkin', 'nice']
['read', 'dumb', 'belkin', 'nick']
['read', 'dumb', 'belkin', 'nuclear']
['reader', 'rack', 'klein', 'number']
['reader', 'reduced', 'dumb', 'belkin']
['reader', 'rick', 'klein', 'number']
['rear', 'reduced', 'dumb', 'belkin']
['rebel', 'learned', 'duck', 'kim']
['rebel', 'luck', 'karma', 'admin']
['rebel', 'luck', 'kid', 'damn']
['rebel', 'luck', 'kid', 'denmark']
['rec', 'cad', 'dumb', 'belkin']
['rec', 'card', 'dumb', 'belkin']
['rec', 'cleared', 'dumb', 'belkin']
['rec', 'cleared', 'dumb', 'bikini']
['red', 'dumb', 'back', 'klein']
['red', 'dumb', 'belkin', 'nuclear']
['reduce', 'earned', 'dumb', 'belkin']
['reduce', 'enable', 'erik', 'karma']
['reduce', 'enable', 'erik', 'kim']
['reduce', 'enabled', 'damn', 'nick']
['reduce', 'enabled', 'dark', 'kim']
['reduce', 'enabled', 'decided', 'denmark']
['reduce', 'enabled', 'deck', 'kim']
['reduce', 'enabled', 'denied', 'denmark']
['reduce', 'enabled', 'denmark', 'kick']
['reduce', 'enabled', 'denmark', 'kid']
['reduce', 'enabled', 'denmark', 'kim']
['reduce', 'enabled', 'denmark', 'kirk']
['reduce', 'enabled', 'denmark', 'klein']
['reduce', 'enabled', 'dick', 'karma']
['reduce', 'enabled', 'dick', 'kim']
['reduce', 'enabled', 'did', 'denmark']
['reduce', 'enabled', 'died', 'denmark']
['reduce', 'enabled', 'dim', 'mark']
['reduce', 'enabled', 'dried', 'denmark']
['reduce', 'enabled', 'drink', 'karma']
['reduce', 'enabled', 'drink', 'kim']
['reduce', 'enabled', 'duck', 'kim']
['reduce', 'enabled', 'dumb', 'belkin']
['reduce', 'enabled', 'dumb', 'bikini']
['reduce', 'enb', 'belkin', 'nam']
['reduced', 'dad', 'dumb', 'belkin']
['reduced', 'dam', 'mlb', 'belkin']
['reduced', 'dam', 'mlb', 'bikini']
['reduced', 'dark', 'klein', 'number']
['reduced', 'dead', 'dumb', 'belkin']
['reduced', 'decide', 'enabled', 'denmark']
['reduced', 'denmark', 'kim', 'mlb']
['reduced', 'denmark', 'klein', 'nba']
['reduced', 'denmark', 'klein', 'nbc']
['reduced', 'denmark', 'klein', 'number']
['reduced', 'dice', 'enabled', 'denmark']
['reduced', 'die', 'enabled', 'denmark']
['reduced', 'dim', 'mlb', 'bank']
['reduced', 'drama', 'arab', 'belkin']
['reduced', 'dream', 'mlb', 'belkin']
['reduced', 'dream', 'mlb', 'bikini']
['reduced', 'drink', 'karma', 'able']
['reduced', 'dumb', 'back', 'klein']
['reduced', 'dumb', 'bank', 'klein']
['reduced', 'dumb', 'belkin', 'nam']
['reduced', 'dumb', 'belkin', 'nba']
['reduced', 'dumb', 'belkin', 'near']
['reduced', 'dumb', 'belkin', 'nuclear']
['reid', 'dumb', 'back', 'klein']
['reid', 'dumb', 'belkin', 'nuclear']
['rica', 'acid', 'dumb', 'belkin']
['rica', 'amd', 'dumb', 'belkin']
['rica', 'aud', 'dumb', 'belkin']
['rice', 'earned', 'dumb', 'belkin']
['rice', 'enabled', 'duck', 'karma']
['rice', 'enabled', 'duck', 'kim']
['rice', 'enabled', 'dumb', 'back']
['rice', 'enabled', 'dumb', 'bank']
['rice', 'enabled', 'dumb', 'belkin']
['rice', 'enabled', 'dumb', 'bikini']
['rick', 'karl', 'learned', 'dumb']
['rick', 'kde', 'enabled', 'dumb']
['rick', 'klein', 'number', 'radar']
['rick', 'klein', 'number', 'read']
['rick', 'klein', 'number', 'reader']
['rid', 'dumb', 'back', 'klein']
['rid', 'dumb', 'belkin', 'nuclear']
['ride', 'enabled', 'duck', 'karma']
['ride', 'enabled', 'duck', 'kim']
['ride', 'enabled', 'dumb', 'back']
['rider', 'rack', 'klein', 'number']
['rider', 'reduce', 'enabled', 'denmark']
['rim', 'made', 'enabled', 'duck']
['rim', 'mae', 'enabled', 'duck']
['rim', 'marie', 'enabled', 'duck']
['rim', 'marine', 'enabled', 'duck']
['rim', 'mice', 'enabled', 'duck']
['rim', 'mine', 'enabled', 'duck']
['rim', 'miracle', 'enabled', 'duck']
['rim', 'mlb', 'bernard', 'duck']
['rna', 'acid', 'dumb', 'belkin']
['una', 'admin', 'nbc', 'clerk']
['una', 'arabic', 'cleared', 'denmark']
['unable', 'earned', 'damn', 'nick']
['unable', 'earned', 'decided', 'denmark']
['unable', 'earned', 'deck', 'kim']
['unable', 'earned', 'denmark', 'kick']
['unable', 'earned', 'dick', 'karma']
['unable', 'earned', 'dick', 'kim']
['unable', 'earned', 'duck', 'kim']
['unable', 'eden', 'nick', 'karma']
['unable', 'eden', 'number', 'rick']
['unable', 'elder', 'rack', 'kim']
['unable', 'elder', 'rick', 'karma']
['unable', 'elder', 'rick', 'kim']
['unable', 'enabled', 'decided', 'denmark']
['unable', 'enabled', 'denmark', 'kick']
['unable', 'enabled', 'dick', 'karma']
['unable', 'era', 'acid', 'denmark']
['unable', 'era', 'admin', 'neck']
['unable', 'era', 'admin', 'nick']
['unable', 'era', 'amd', 'dick']
['unable', 'eric', 'cad', 'denmark']
['unable', 'eric', 'card', 'denmark']
['unable', 'eric', 'cleared', 'denmark']
['unable', 'erik', 'karma', 'acid']
['unable', 'erik', 'karma', 'arcade']
['une', 'enabled', 'decided', 'denmark']
['une', 'enabled', 'denmark', 'kick']
['une', 'enabled', 'dick', 'karma']
['uni', 'ice', 'enabled', 'denmark']
